TN:
SF:/home/mdemaria/tpi/codigoTPI_test++/ordenarRegionYCODUSUTEST.cpp
FN:12,_ZN57ordenarRegionYCODUSUTEST_unSoloHogarYUnSoloIndividuo_TestD0Ev
FN:12,_ZN57ordenarRegionYCODUSUTEST_unSoloHogarYUnSoloIndividuo_TestC2Ev
FN:12,_ZN57ordenarRegionYCODUSUTEST_unSoloHogarYUnSoloIndividuo_TestD2Ev
FN:12,_ZN57ordenarRegionYCODUSUTEST_unSoloHogarYUnSoloIndividuo_Test8TestBodyEv
FN:20,_ZN47ordenarRegionYCODUSUTEST_regionesDistintas_Test8TestBodyEv
FN:20,_ZN47ordenarRegionYCODUSUTEST_regionesDistintas_TestD0Ev
FN:20,_ZN47ordenarRegionYCODUSUTEST_regionesDistintas_TestC2Ev
FN:20,_ZN47ordenarRegionYCODUSUTEST_regionesDistintas_TestD2Ev
FN:52,_ZN42ordenarRegionYCODUSUTEST_noCambiaNada_TestC2Ev
FN:52,_ZN42ordenarRegionYCODUSUTEST_noCambiaNada_TestD0Ev
FN:52,_ZN42ordenarRegionYCODUSUTEST_noCambiaNada_TestD2Ev
FN:52,_ZN42ordenarRegionYCODUSUTEST_noCambiaNada_Test8TestBodyEv
FN:85,_ZN41ordenarRegionYCODUSUTEST_mismaRegion_Test8TestBodyEv
FN:85,_ZN41ordenarRegionYCODUSUTEST_mismaRegion_TestD0Ev
FN:85,_ZN41ordenarRegionYCODUSUTEST_mismaRegion_TestC2Ev
FN:85,_ZN41ordenarRegionYCODUSUTEST_mismaRegion_TestD2Ev
FN:116,_Z41__static_initialization_and_destruction_0ii
FN:116,_GLOBAL__sub_I__ZN57ordenarRegionYCODUSUTEST_unSoloHogarYUnSoloIndividuo_Test10test_info_E
FNDA:2,_ZN57ordenarRegionYCODUSUTEST_unSoloHogarYUnSoloIndividuo_TestD0Ev
FNDA:2,_ZN57ordenarRegionYCODUSUTEST_unSoloHogarYUnSoloIndividuo_TestD2Ev
FNDA:2,_ZN57ordenarRegionYCODUSUTEST_unSoloHogarYUnSoloIndividuo_Test8TestBodyEv
FNDA:2,_ZN57ordenarRegionYCODUSUTEST_unSoloHogarYUnSoloIndividuo_TestC2Ev
FNDA:3,_ZN47ordenarRegionYCODUSUTEST_regionesDistintas_TestD0Ev
FNDA:3,_ZN47ordenarRegionYCODUSUTEST_regionesDistintas_TestD2Ev
FNDA:3,_ZN47ordenarRegionYCODUSUTEST_regionesDistintas_Test8TestBodyEv
FNDA:3,_ZN47ordenarRegionYCODUSUTEST_regionesDistintas_TestC2Ev
FNDA:2,_ZN42ordenarRegionYCODUSUTEST_noCambiaNada_TestD0Ev
FNDA:2,_ZN42ordenarRegionYCODUSUTEST_noCambiaNada_TestD2Ev
FNDA:2,_ZN42ordenarRegionYCODUSUTEST_noCambiaNada_Test8TestBodyEv
FNDA:2,_ZN42ordenarRegionYCODUSUTEST_noCambiaNada_TestC2Ev
FNDA:2,_ZN41ordenarRegionYCODUSUTEST_mismaRegion_TestD0Ev
FNDA:2,_ZN41ordenarRegionYCODUSUTEST_mismaRegion_TestD2Ev
FNDA:2,_ZN41ordenarRegionYCODUSUTEST_mismaRegion_Test8TestBodyEv
FNDA:2,_ZN41ordenarRegionYCODUSUTEST_mismaRegion_TestC2Ev
FNDA:3,_GLOBAL__sub_I__ZN57ordenarRegionYCODUSUTEST_unSoloHogarYUnSoloIndividuo_Test10test_info_E
FNDA:3,_Z41__static_initialization_and_destruction_0ii
FNF:18
FNH:18
DA:12,11
DA:13,4
DA:14,4
DA:16,2
DA:17,2
DA:18,2
DA:20,15
DA:25,6
DA:32,6
DA:37,6
DA:44,6
DA:47,3
DA:48,3
DA:49,3
DA:50,3
DA:52,11
DA:57,4
DA:64,4
DA:69,4
DA:76,4
DA:79,2
DA:80,2
DA:81,2
DA:83,2
DA:85,11
DA:90,4
DA:97,4
DA:102,4
DA:109,4
DA:112,2
DA:113,2
DA:114,2
DA:116,11
LF:33
LH:33
end_of_record
SF:/home/mdemaria/tpi/lib/googletest-master/googletest/include/gtest/gtest-message.h
FN:85,_ZN7testing7MessageD2Ev
FNDA:0,_ZN7testing7MessageD2Ev
FNF:1
FNH:0
DA:85,0
LF:1
LH:0
end_of_record
SF:/home/mdemaria/tpi/lib/googletest-master/googletest/include/gtest/gtest-printers.h
FN:258,_ZN16testing_internal26DefaultPrintNonContainerToIiEEvRKT_PSo
FN:311,_ZN7testing8internal19FormatForComparisonISt6vectorIS2_IiSaIiEESaIS4_EES6_E6FormatB5cxx11ERKS6_
FN:385,_ZN7testing8internal33FormatForComparisonFailureMessageISt6vectorIS2_IiSaIiEESaIS4_EES6_EENSt7__cxx1112basic_stringIcSt11char_traitsIcESaIcEEERKT_RKT0_
FN:414,_ZN7testing8internal14DefaultPrintToISt6vectorIS2_IiSaIiEESaIS4_EEEEvNS0_15WrapPrinterTypeILNS0_18DefaultPrinterTypeE0EEERKT_PSo
FN:414,_ZN7testing8internal14DefaultPrintToISt6vectorIiSaIiEEEEvNS0_15WrapPrinterTypeILNS0_18DefaultPrinterTypeE0EEERKT_PSo
FN:474,_ZN7testing8internal14DefaultPrintToIiEEvNS0_15WrapPrinterTypeILNS0_18DefaultPrinterTypeE3EEERKT_PSo
FN:491,_ZN7testing8internal7PrintToISt6vectorIS2_IiSaIiEESaIS4_EEEEvRKT_PSo
FN:491,_ZN7testing8internal7PrintToIiEEvRKT_PSo
FN:491,_ZN7testing8internal7PrintToISt6vectorIiSaIiEEEEvRKT_PSo
FN:753,_ZN7testing8internal16UniversalPrinterISt6vectorIS2_IiSaIiEESaIS4_EEE5PrintERKS6_PSo
FN:753,_ZN7testing8internal16UniversalPrinterISt6vectorIiSaIiEEE5PrintERKS4_PSo
FN:753,_ZN7testing8internal16UniversalPrinterIiE5PrintERKiPSo
FN:858,_ZN7testing8internal21UniversalTersePrinterISt6vectorIS2_IiSaIiEESaIS4_EEE5PrintERKS6_PSo
FN:927,_ZN7testing8internal14UniversalPrintIiEEvRKT_PSo
FN:927,_ZN7testing8internal14UniversalPrintISt6vectorIS2_IiSaIiEESaIS4_EEEEvRKT_PSo
FN:927,_ZN7testing8internal14UniversalPrintISt6vectorIiSaIiEEEEvRKT_PSo
FN:1065,_ZN7testing13PrintToStringISt6vectorIS1_IiSaIiEESaIS3_EEEENSt7__cxx1112basic_stringIcSt11char_traitsIcESaIcEEERKT_
FNDA:0,_ZN16testing_internal26DefaultPrintNonContainerToIiEEvRKT_PSo
FNDA:0,_ZN7testing8internal19FormatForComparisonISt6vectorIS2_IiSaIiEESaIS4_EES6_E6FormatB5cxx11ERKS6_
FNDA:0,_ZN7testing8internal33FormatForComparisonFailureMessageISt6vectorIS2_IiSaIiEESaIS4_EES6_EENSt7__cxx1112basic_stringIcSt11char_traitsIcESaIcEEERKT_RKT0_
FNDA:0,_ZN7testing8internal14DefaultPrintToISt6vectorIiSaIiEEEEvNS0_15WrapPrinterTypeILNS0_18DefaultPrinterTypeE0EEERKT_PSo
FNDA:0,_ZN7testing8internal14DefaultPrintToISt6vectorIS2_IiSaIiEESaIS4_EEEEvNS0_15WrapPrinterTypeILNS0_18DefaultPrinterTypeE0EEERKT_PSo
FNDA:0,_ZN7testing8internal14DefaultPrintToIiEEvNS0_15WrapPrinterTypeILNS0_18DefaultPrinterTypeE3EEERKT_PSo
FNDA:0,_ZN7testing8internal7PrintToIiEEvRKT_PSo
FNDA:0,_ZN7testing8internal7PrintToISt6vectorIiSaIiEEEEvRKT_PSo
FNDA:0,_ZN7testing8internal7PrintToISt6vectorIS2_IiSaIiEESaIS4_EEEEvRKT_PSo
FNDA:0,_ZN7testing8internal16UniversalPrinterIiE5PrintERKiPSo
FNDA:0,_ZN7testing8internal16UniversalPrinterISt6vectorIiSaIiEEE5PrintERKS4_PSo
FNDA:0,_ZN7testing8internal16UniversalPrinterISt6vectorIS2_IiSaIiEESaIS4_EEE5PrintERKS6_PSo
FNDA:0,_ZN7testing8internal21UniversalTersePrinterISt6vectorIS2_IiSaIiEESaIS4_EEE5PrintERKS6_PSo
FNDA:0,_ZN7testing8internal14UniversalPrintIiEEvRKT_PSo
FNDA:0,_ZN7testing8internal14UniversalPrintISt6vectorIiSaIiEEEEvRKT_PSo
FNDA:0,_ZN7testing8internal14UniversalPrintISt6vectorIS2_IiSaIiEESaIS4_EEEEvRKT_PSo
FNDA:0,_ZN7testing13PrintToStringISt6vectorIS1_IiSaIiEESaIS3_EEEENSt7__cxx1112basic_stringIcSt11char_traitsIcESaIcEEERKT_
FNF:17
FNH:0
DA:258,0
DA:285,0
DA:286,0
DA:311,0
DA:312,0
DA:385,0
DA:387,0
DA:414,0
DA:416,0
DA:417,0
DA:418,0
DA:419,0
DA:420,0
DA:421,0
DA:422,0
DA:423,0
DA:424,0
DA:425,0
DA:428,0
DA:431,0
DA:434,0
DA:435,0
DA:437,0
DA:438,0
DA:474,0
DA:476,0
DA:477,0
DA:491,0
DA:511,0
DA:526,0
DA:753,0
DA:762,0
DA:763,0
DA:858,0
DA:859,0
DA:860,0
DA:927,0
DA:931,0
DA:932,0
DA:1065,0
DA:1066,0
DA:1067,0
DA:1068,0
LF:43
LH:0
end_of_record
SF:/home/mdemaria/tpi/lib/googletest-master/googletest/include/gtest/gtest.h
FN:268,_ZN7testing15AssertionResultD2Ev
FN:304,_ZNK7testing15AssertionResultcvbEv
FN:313,_ZNK7testing15AssertionResult7messageEv
FN:318,_ZNK7testing15AssertionResult15failure_messageEv
FN:414,_ZN7testing4Test13SetUpTestCaseEv
FN:422,_ZN7testing4Test16TearDownTestCaseEv
FN:499,_ZN7testing4Test5SetupEv
FN:1414,_ZN7testing8internal18CmpHelperEQFailureISt6vectorIS2_IiSaIiEESaIS4_EES6_EENS_15AssertionResultEPKcS9_RKT_RKT0_
FN:1426,_ZN7testing8internal11CmpHelperEQISt6vectorIS2_IiSaIiEESaIS4_EES6_EENS_15AssertionResultEPKcS9_RKT_RKT0_
FN:1454,_ZN7testing8internal8EqHelperILb0EE7CompareISt6vectorIS4_IiSaIiEESaIS6_EES8_EENS_15AssertionResultEPKcSB_RKT_RKT0_
FNDA:0,_ZN7testing15AssertionResultD2Ev
FNDA:0,_ZNK7testing15AssertionResultcvbEv
FNDA:0,_ZNK7testing15AssertionResult7messageEv
FNDA:0,_ZNK7testing15AssertionResult15failure_messageEv
FNDA:0,_ZN7testing4Test13SetUpTestCaseEv
FNDA:0,_ZN7testing4Test16TearDownTestCaseEv
FNDA:0,_ZN7testing4Test5SetupEv
FNDA:0,_ZN7testing8internal18CmpHelperEQFailureISt6vectorIS2_IiSaIiEESaIS4_EES6_EENS_15AssertionResultEPKcS9_RKT_RKT0_
FNDA:28,_ZN7testing8internal11CmpHelperEQISt6vectorIS2_IiSaIiEESaIS4_EES6_EENS_15AssertionResultEPKcS9_RKT_RKT0_
FNDA:28,_ZN7testing8internal8EqHelperILb0EE7CompareISt6vectorIS4_IiSaIiEESaIS6_EES8_EENS_15AssertionResultEPKcSB_RKT_RKT0_
FNF:10
FNH:2
DA:268,0
DA:304,0
DA:313,0
DA:314,0
DA:318,0
DA:414,0
DA:422,0
DA:499,0
DA:1414,0
DA:1421,0
DA:1426,28
DA:1430,28
DA:1431,28
DA:1434,0
DA:1454,28
DA:1458,28
LF:16
LH:5
end_of_record
SF:/home/mdemaria/tpi/lib/googletest-master/googletest/include/gtest/internal/gtest-internal.h
FN:448,_ZN7testing8internal15TestFactoryBaseD2Ev
FN:448,_ZN7testing8internal15TestFactoryBaseD0Ev
FN:455,_ZN7testing8internal15TestFactoryBaseC2Ev
FN:464,_ZN7testing8internal15TestFactoryImplI47ordenarRegionYCODUSUTEST_regionesDistintas_TestEC2Ev
FN:464,_ZN7testing8internal15TestFactoryImplI41ordenarRegionYCODUSUTEST_mismaRegion_TestED0Ev
FN:464,_ZN7testing8internal15TestFactoryImplI57ordenarRegionYCODUSUTEST_unSoloHogarYUnSoloIndividuo_TestED0Ev
FN:464,_ZN7testing8internal15TestFactoryImplI47ordenarRegionYCODUSUTEST_regionesDistintas_TestED0Ev
FN:464,_ZN7testing8internal15TestFactoryImplI42ordenarRegionYCODUSUTEST_noCambiaNada_TestEC2Ev
FN:464,_ZN7testing8internal15TestFactoryImplI57ordenarRegionYCODUSUTEST_unSoloHogarYUnSoloIndividuo_TestEC2Ev
FN:464,_ZN7testing8internal15TestFactoryImplI47ordenarRegionYCODUSUTEST_regionesDistintas_TestED2Ev
FN:464,_ZN7testing8internal15TestFactoryImplI57ordenarRegionYCODUSUTEST_unSoloHogarYUnSoloIndividuo_TestED2Ev
FN:464,_ZN7testing8internal15TestFactoryImplI41ordenarRegionYCODUSUTEST_mismaRegion_TestEC2Ev
FN:464,_ZN7testing8internal15TestFactoryImplI41ordenarRegionYCODUSUTEST_mismaRegion_TestED2Ev
FN:464,_ZN7testing8internal15TestFactoryImplI42ordenarRegionYCODUSUTEST_noCambiaNada_TestED2Ev
FN:464,_ZN7testing8internal15TestFactoryImplI42ordenarRegionYCODUSUTEST_noCambiaNada_TestED0Ev
FN:466,_ZN7testing8internal15TestFactoryImplI41ordenarRegionYCODUSUTEST_mismaRegion_TestE10CreateTestEv
FN:466,_ZN7testing8internal15TestFactoryImplI57ordenarRegionYCODUSUTEST_unSoloHogarYUnSoloIndividuo_TestE10CreateTestEv
FN:466,_ZN7testing8internal15TestFactoryImplI47ordenarRegionYCODUSUTEST_regionesDistintas_TestE10CreateTestEv
FN:466,_ZN7testing8internal15TestFactoryImplI42ordenarRegionYCODUSUTEST_noCambiaNada_TestE10CreateTestEv
FN:486,_ZN7testing8internal12CodeLocationD2Ev
FN:487,_ZN7testing8internal12CodeLocationC2ERKNSt7__cxx1112basic_stringIcSt11char_traitsIcESaIcEEEi
FNDA:0,_ZN7testing8internal15TestFactoryBaseD0Ev
FNDA:0,_ZN7testing8internal15TestFactoryBaseD2Ev
FNDA:0,_ZN7testing8internal15TestFactoryBaseC2Ev
FNDA:3,_ZN7testing8internal15TestFactoryImplI57ordenarRegionYCODUSUTEST_unSoloHogarYUnSoloIndividuo_TestED0Ev
FNDA:3,_ZN7testing8internal15TestFactoryImplI57ordenarRegionYCODUSUTEST_unSoloHogarYUnSoloIndividuo_TestED2Ev
FNDA:3,_ZN7testing8internal15TestFactoryImplI47ordenarRegionYCODUSUTEST_regionesDistintas_TestED0Ev
FNDA:3,_ZN7testing8internal15TestFactoryImplI47ordenarRegionYCODUSUTEST_regionesDistintas_TestED2Ev
FNDA:3,_ZN7testing8internal15TestFactoryImplI42ordenarRegionYCODUSUTEST_noCambiaNada_TestED0Ev
FNDA:3,_ZN7testing8internal15TestFactoryImplI42ordenarRegionYCODUSUTEST_noCambiaNada_TestED2Ev
FNDA:3,_ZN7testing8internal15TestFactoryImplI41ordenarRegionYCODUSUTEST_mismaRegion_TestED0Ev
FNDA:3,_ZN7testing8internal15TestFactoryImplI41ordenarRegionYCODUSUTEST_mismaRegion_TestED2Ev
FNDA:3,_ZN7testing8internal15TestFactoryImplI41ordenarRegionYCODUSUTEST_mismaRegion_TestEC2Ev
FNDA:3,_ZN7testing8internal15TestFactoryImplI42ordenarRegionYCODUSUTEST_noCambiaNada_TestEC2Ev
FNDA:3,_ZN7testing8internal15TestFactoryImplI47ordenarRegionYCODUSUTEST_regionesDistintas_TestEC2Ev
FNDA:3,_ZN7testing8internal15TestFactoryImplI57ordenarRegionYCODUSUTEST_unSoloHogarYUnSoloIndividuo_TestEC2Ev
FNDA:2,_ZN7testing8internal15TestFactoryImplI57ordenarRegionYCODUSUTEST_unSoloHogarYUnSoloIndividuo_TestE10CreateTestEv
FNDA:3,_ZN7testing8internal15TestFactoryImplI47ordenarRegionYCODUSUTEST_regionesDistintas_TestE10CreateTestEv
FNDA:2,_ZN7testing8internal15TestFactoryImplI42ordenarRegionYCODUSUTEST_noCambiaNada_TestE10CreateTestEv
FNDA:2,_ZN7testing8internal15TestFactoryImplI41ordenarRegionYCODUSUTEST_mismaRegion_TestE10CreateTestEv
FNDA:0,_ZN7testing8internal12CodeLocationD2Ev
FNDA:0,_ZN7testing8internal12CodeLocationC2ERKNSt7__cxx1112basic_stringIcSt11char_traitsIcESaIcEEEi
FNF:21
FNH:16
DA:448,0
DA:455,0
DA:464,36
DA:466,9
DA:486,0
DA:487,0
DA:488,0
LF:7
LH:2
end_of_record
SF:/home/mdemaria/tpi/lib/googletest-master/googletest/include/gtest/internal/gtest-port.h
FN:1185,_ZN7testing8internal10scoped_ptrINSt7__cxx1112basic_stringIcSt11char_traitsIcESaIcEEEED2Ev
FN:1185,_ZN7testing8internal10scoped_ptrINSt7__cxx1118basic_stringstreamIcSt11char_traitsIcESaIcEEEED2Ev
FN:1188,_ZNK7testing8internal10scoped_ptrINSt7__cxx1112basic_stringIcSt11char_traitsIcESaIcEEEEptEv
FN:1189,_ZNK7testing8internal10scoped_ptrINSt7__cxx1112basic_stringIcSt11char_traitsIcESaIcEEEE3getEv
FN:1197,_ZN7testing8internal10scoped_ptrINSt7__cxx1118basic_stringstreamIcSt11char_traitsIcESaIcEEEE5resetEPS7_
FN:1197,_ZN7testing8internal10scoped_ptrINSt7__cxx1112basic_stringIcSt11char_traitsIcESaIcEEEE5resetEPS7_
FNDA:0,_ZN7testing8internal10scoped_ptrINSt7__cxx1112basic_stringIcSt11char_traitsIcESaIcEEEED2Ev
FNDA:0,_ZN7testing8internal10scoped_ptrINSt7__cxx1118basic_stringstreamIcSt11char_traitsIcESaIcEEEED2Ev
FNDA:0,_ZNK7testing8internal10scoped_ptrINSt7__cxx1112basic_stringIcSt11char_traitsIcESaIcEEEEptEv
FNDA:0,_ZNK7testing8internal10scoped_ptrINSt7__cxx1112basic_stringIcSt11char_traitsIcESaIcEEEE3getEv
FNDA:0,_ZN7testing8internal10scoped_ptrINSt7__cxx1118basic_stringstreamIcSt11char_traitsIcESaIcEEEE5resetEPS7_
FNDA:0,_ZN7testing8internal10scoped_ptrINSt7__cxx1112basic_stringIcSt11char_traitsIcESaIcEEEE5resetEPS7_
FNF:6
FNH:0
DA:1185,0
DA:1188,0
DA:1189,0
DA:1197,0
DA:1198,0
DA:1199,0
DA:1200,0
DA:1202,0
DA:1204,0
LF:9
LH:0
end_of_record
SF:/usr/include/c++/7/bits/alloc_traits.h
FN:435,_ZNSt16allocator_traitsISaIiEE8allocateERS0_m
FN:435,_ZNSt16allocator_traitsISaISt6vectorIiSaIiEEEE8allocateERS3_m
FN:461,_ZNSt16allocator_traitsISaISt6vectorIiSaIiEEEE10deallocateERS3_PS2_m
FN:461,_ZNSt16allocator_traitsISaIiEE10deallocateERS0_Pim
FN:504,_ZNSt16allocator_traitsISaIiEE37select_on_container_copy_constructionERKS0_
FNDA:0,_ZNSt16allocator_traitsISaISt6vectorIiSaIiEEEE8allocateERS3_m
FNDA:0,_ZNSt16allocator_traitsISaIiEE8allocateERS0_m
FNDA:0,_ZNSt16allocator_traitsISaISt6vectorIiSaIiEEEE10deallocateERS3_PS2_m
FNDA:0,_ZNSt16allocator_traitsISaIiEE10deallocateERS0_Pim
FNDA:0,_ZNSt16allocator_traitsISaIiEE37select_on_container_copy_constructionERKS0_
FNF:5
FNH:0
DA:435,0
DA:436,0
DA:461,0
DA:462,0
DA:504,0
DA:505,0
LF:6
LH:0
end_of_record
SF:/usr/include/c++/7/bits/allocator.h
FN:131,_ZNSaIiEC2Ev
FN:131,_ZNSaISt6vectorIiSaIiEEEC2Ev
FN:133,_ZNSaISt6vectorIiSaIiEEEC2ERKS2_
FN:133,_ZNSaIiEC2ERKS_
FN:139,_ZNSaISt6vectorIiSaIiEEED2Ev
FN:139,_ZNSaIiED2Ev
FNDA:0,_ZNSaISt6vectorIiSaIiEEEC2Ev
FNDA:0,_ZNSaIiEC2Ev
FNDA:0,_ZNSaISt6vectorIiSaIiEEEC2ERKS2_
FNDA:0,_ZNSaIiEC2ERKS_
FNDA:0,_ZNSaISt6vectorIiSaIiEEED2Ev
FNDA:0,_ZNSaIiED2Ev
FNF:6
FNH:0
DA:131,0
DA:133,0
DA:134,0
DA:139,0
LF:4
LH:0
end_of_record
SF:/usr/include/c++/7/bits/cpp_type_traits.h
FN:408,_ZSt12__miter_baseIN9__gnu_cxx17__normal_iteratorIPKiSt6vectorIiSaIiEEEEET_S8_
FN:408,_ZSt12__miter_baseIPKiET_S2_
FNDA:0,_ZSt12__miter_baseIN9__gnu_cxx17__normal_iteratorIPKiSt6vectorIiSaIiEEEEET_S8_
FNDA:0,_ZSt12__miter_baseIPKiET_S2_
FNF:2
FNH:0
DA:408,0
DA:409,0
LF:2
LH:0
end_of_record
SF:/usr/include/c++/7/bits/ios_base.h
FN:129,_ZStorSt13_Ios_OpenmodeS_
FNDA:0,_ZStorSt13_Ios_OpenmodeS_
FNF:1
FNH:0
DA:129,0
DA:130,0
LF:2
LH:0
end_of_record
SF:/usr/include/c++/7/bits/move.h
FN:47,_ZSt11__addressofISt6vectorIiSaIiEEEPT_RS3_
FN:73,_ZSt7forwardIRKSt6vectorIiSaIiEEEOT_RNSt16remove_referenceIS5_E4typeE
FNDA:0,_ZSt11__addressofISt6vectorIiSaIiEEEPT_RS3_
FNDA:0,_ZSt7forwardIRKSt6vectorIiSaIiEEEOT_RNSt16remove_referenceIS5_E4typeE
FNF:2
FNH:0
DA:47,0
DA:48,0
DA:73,0
DA:74,0
LF:4
LH:0
end_of_record
SF:/usr/include/c++/7/bits/stl_algobase.h
FN:277,_ZSt12__niter_baseIPKiET_S2_
FN:277,_ZSt12__niter_baseIPiET_S1_
FN:357,_ZNSt11__copy_moveILb0ELb1ESt26random_access_iterator_tagE8__copy_mIiEEPT_PKS3_S6_S4_
FN:375,_ZSt13__copy_move_aILb0EPKiPiET1_T0_S4_S3_
FN:420,_ZSt14__copy_move_a2ILb0EN9__gnu_cxx17__normal_iteratorIPKiSt6vectorIiSaIiEEEEPiET1_T0_SA_S9_
FN:420,_ZSt14__copy_move_a2ILb0EPKiPiET1_T0_S4_S3_
FN:446,_ZSt4copyIPKiPiET0_T_S4_S3_
FN:446,_ZSt4copyIN9__gnu_cxx17__normal_iteratorIPKiSt6vectorIiSaIiEEEEPiET0_T_SA_S9_
FN:797,_ZNSt7__equalILb0EE5equalIPKSt6vectorIiSaIiEES6_EEbT_S7_T0_
FN:811,_ZNSt7__equalILb1EE5equalIiEEbPKT_S4_S4_
FN:821,_ZSt11__equal_auxIPKiS1_EbT_S2_T0_
FN:821,_ZSt11__equal_auxIPKSt6vectorIiSaIiEES4_EbT_S5_T0_
FN:1041,_ZSt5equalIN9__gnu_cxx17__normal_iteratorIPKiSt6vectorIiSaIiEEEES7_EbT_S8_T0_
FN:1041,_ZSt5equalIN9__gnu_cxx17__normal_iteratorIPKSt6vectorIiSaIiEES2_IS4_SaIS4_EEEES9_EbT_SA_T0_
FNDA:0,_ZSt12__niter_baseIPiET_S1_
FNDA:0,_ZSt12__niter_baseIPKiET_S2_
FNDA:0,_ZNSt11__copy_moveILb0ELb1ESt26random_access_iterator_tagE8__copy_mIiEEPT_PKS3_S6_S4_
FNDA:0,_ZSt13__copy_move_aILb0EPKiPiET1_T0_S4_S3_
FNDA:0,_ZSt14__copy_move_a2ILb0EN9__gnu_cxx17__normal_iteratorIPKiSt6vectorIiSaIiEEEEPiET1_T0_SA_S9_
FNDA:0,_ZSt14__copy_move_a2ILb0EPKiPiET1_T0_S4_S3_
FNDA:0,_ZSt4copyIN9__gnu_cxx17__normal_iteratorIPKiSt6vectorIiSaIiEEEEPiET0_T_SA_S9_
FNDA:0,_ZSt4copyIPKiPiET0_T_S4_S3_
FNDA:32,_ZNSt7__equalILb0EE5equalIPKSt6vectorIiSaIiEES6_EEbT_S7_T0_
FNDA:0,_ZNSt7__equalILb1EE5equalIiEEbPKT_S4_S4_
FNDA:0,_ZSt11__equal_auxIPKiS1_EbT_S2_T0_
FNDA:32,_ZSt11__equal_auxIPKSt6vectorIiSaIiEES4_EbT_S5_T0_
FNDA:0,_ZSt5equalIN9__gnu_cxx17__normal_iteratorIPKiSt6vectorIiSaIiEEEES7_EbT_S8_T0_
FNDA:32,_ZSt5equalIN9__gnu_cxx17__normal_iteratorIPKSt6vectorIiSaIiEES2_IS4_SaIS4_EEEES9_EbT_SA_T0_
FNF:14
FNH:3
DA:277,0
DA:278,0
DA:357,0
DA:366,0
DA:367,0
DA:368,0
DA:369,0
DA:375,0
DA:380,0
DA:386,0
DA:420,0
DA:422,0
DA:424,0
DA:446,0
DA:455,0
DA:456,0
DA:797,118
DA:799,204
DA:800,88
DA:801,2
DA:802,30
DA:811,0
DA:813,0
DA:814,0
DA:815,0
DA:821,32
DA:825,32
DA:831,32
DA:1041,32
DA:1051,32
DA:1053,32
LF:31
LH:11
end_of_record
SF:/usr/include/c++/7/bits/stl_construct.h
FN:74,_ZSt10_ConstructISt6vectorIiSaIiEEJRKS2_EEvPT_DpOT0_
FN:97,_ZSt8_DestroyISt6vectorIiSaIiEEEvPT_
FN:105,_ZNSt12_Destroy_auxILb0EE9__destroyIPSt6vectorIiSaIiEEEEvT_S6_
FN:117,_ZNSt12_Destroy_auxILb1EE9__destroyIPiEEvT_S3_
FN:127,_ZSt8_DestroyIPiEvT_S1_
FN:127,_ZSt8_DestroyIPSt6vectorIiSaIiEEEvT_S4_
FN:203,_ZSt8_DestroyIPiiEvT_S1_RSaIT0_E
FN:203,_ZSt8_DestroyIPSt6vectorIiSaIiEES2_EvT_S4_RSaIT0_E
FNDA:0,_ZSt10_ConstructISt6vectorIiSaIiEEJRKS2_EEvPT_DpOT0_
FNDA:0,_ZSt8_DestroyISt6vectorIiSaIiEEEvPT_
FNDA:0,_ZNSt12_Destroy_auxILb0EE9__destroyIPSt6vectorIiSaIiEEEEvT_S6_
FNDA:0,_ZNSt12_Destroy_auxILb1EE9__destroyIPiEEvT_S3_
FNDA:0,_ZSt8_DestroyIPSt6vectorIiSaIiEEEvT_S4_
FNDA:0,_ZSt8_DestroyIPiEvT_S1_
FNDA:0,_ZSt8_DestroyIPSt6vectorIiSaIiEES2_EvT_S4_RSaIT0_E
FNDA:0,_ZSt8_DestroyIPiiEvT_S1_RSaIT0_E
FNF:8
FNH:0
DA:74,0
DA:75,0
DA:97,0
DA:98,0
DA:105,0
DA:107,0
DA:108,0
DA:109,0
DA:117,0
DA:127,0
DA:137,0
DA:138,0
DA:203,0
DA:206,0
DA:207,0
LF:15
LH:0
end_of_record
SF:/usr/include/c++/7/bits/stl_iterator.h
FN:779,_ZN9__gnu_cxx17__normal_iteratorIPKiSt6vectorIiSaIiEEEC2ERKS2_
FN:779,_ZN9__gnu_cxx17__normal_iteratorIPKSt6vectorIiSaIiEES1_IS3_SaIS3_EEEC2ERKS5_
FN:792,_ZNK9__gnu_cxx17__normal_iteratorIPKSt6vectorIiSaIiEES1_IS3_SaIS3_EEEdeEv
FN:792,_ZNK9__gnu_cxx17__normal_iteratorIPKiSt6vectorIiSaIiEEEdeEv
FN:800,_ZN9__gnu_cxx17__normal_iteratorIPKiSt6vectorIiSaIiEEEppEv
FN:800,_ZN9__gnu_cxx17__normal_iteratorIPKSt6vectorIiSaIiEES1_IS3_SaIS3_EEEppEv
FN:844,_ZNK9__gnu_cxx17__normal_iteratorIPKiSt6vectorIiSaIiEEE4baseEv
FN:844,_ZNK9__gnu_cxx17__normal_iteratorIPKSt6vectorIiSaIiEES1_IS3_SaIS3_EEE4baseEv
FN:880,_ZN9__gnu_cxxneIPKSt6vectorIiSaIiEES1_IS3_SaIS3_EEEEbRKNS_17__normal_iteratorIT_T0_EESD_
FN:880,_ZN9__gnu_cxxneIPKiSt6vectorIiSaIiEEEEbRKNS_17__normal_iteratorIT_T0_EESB_
FN:983,_ZSt12__niter_baseIPKSt6vectorIiSaIiEES0_IS2_SaIS2_EEET_N9__gnu_cxx17__normal_iteratorIS7_T0_EE
FN:983,_ZSt12__niter_baseIPKiSt6vectorIiSaIiEEET_N9__gnu_cxx17__normal_iteratorIS5_T0_EE
FNDA:0,_ZN9__gnu_cxx17__normal_iteratorIPKiSt6vectorIiSaIiEEEC2ERKS2_
FNDA:0,_ZN9__gnu_cxx17__normal_iteratorIPKSt6vectorIiSaIiEES1_IS3_SaIS3_EEEC2ERKS5_
FNDA:0,_ZNK9__gnu_cxx17__normal_iteratorIPKiSt6vectorIiSaIiEEEdeEv
FNDA:0,_ZNK9__gnu_cxx17__normal_iteratorIPKSt6vectorIiSaIiEES1_IS3_SaIS3_EEEdeEv
FNDA:0,_ZN9__gnu_cxx17__normal_iteratorIPKiSt6vectorIiSaIiEEEppEv
FNDA:0,_ZN9__gnu_cxx17__normal_iteratorIPKSt6vectorIiSaIiEES1_IS3_SaIS3_EEEppEv
FNDA:0,_ZNK9__gnu_cxx17__normal_iteratorIPKiSt6vectorIiSaIiEEE4baseEv
FNDA:0,_ZNK9__gnu_cxx17__normal_iteratorIPKSt6vectorIiSaIiEES1_IS3_SaIS3_EEE4baseEv
FNDA:0,_ZN9__gnu_cxxneIPKiSt6vectorIiSaIiEEEEbRKNS_17__normal_iteratorIT_T0_EESB_
FNDA:0,_ZN9__gnu_cxxneIPKSt6vectorIiSaIiEES1_IS3_SaIS3_EEEEbRKNS_17__normal_iteratorIT_T0_EESD_
FNDA:0,_ZSt12__niter_baseIPKiSt6vectorIiSaIiEEET_N9__gnu_cxx17__normal_iteratorIS5_T0_EE
FNDA:96,_ZSt12__niter_baseIPKSt6vectorIiSaIiEES0_IS2_SaIS2_EEET_N9__gnu_cxx17__normal_iteratorIS7_T0_EE
FNF:12
FNH:1
DA:779,0
DA:780,0
DA:792,0
DA:793,0
DA:800,0
DA:802,0
DA:803,0
DA:844,0
DA:845,0
DA:880,0
DA:883,0
DA:983,96
DA:984,96
LF:13
LH:2
end_of_record
SF:/usr/include/c++/7/bits/stl_iterator_base_funcs.h
FN:98,_ZSt10__distanceIPKSt6vectorIiSaIiEEENSt15iterator_traitsIT_E15difference_typeES6_S6_St26random_access_iterator_tag
FN:98,_ZSt10__distanceIPKiENSt15iterator_traitsIT_E15difference_typeES3_S3_St26random_access_iterator_tag
FN:138,_ZSt8distanceIPKiENSt15iterator_traitsIT_E15difference_typeES3_S3_
FN:138,_ZSt8distanceIPKSt6vectorIiSaIiEEENSt15iterator_traitsIT_E15difference_typeES6_S6_
FNDA:0,_ZSt10__distanceIPKSt6vectorIiSaIiEEENSt15iterator_traitsIT_E15difference_typeES6_S6_St26random_access_iterator_tag
FNDA:0,_ZSt10__distanceIPKiENSt15iterator_traitsIT_E15difference_typeES3_S3_St26random_access_iterator_tag
FNDA:0,_ZSt8distanceIPKSt6vectorIiSaIiEEENSt15iterator_traitsIT_E15difference_typeES6_S6_
FNDA:0,_ZSt8distanceIPKiENSt15iterator_traitsIT_E15difference_typeES3_S3_
FNF:4
FNH:0
DA:98,0
DA:104,0
DA:138,0
DA:141,0
DA:142,0
LF:5
LH:0
end_of_record
SF:/usr/include/c++/7/bits/stl_iterator_base_types.h
FN:205,_ZSt19__iterator_categoryIPKSt6vectorIiSaIiEEENSt15iterator_traitsIT_E17iterator_categoryERKS6_
FN:205,_ZSt19__iterator_categoryIPKiENSt15iterator_traitsIT_E17iterator_categoryERKS3_
FNDA:0,_ZSt19__iterator_categoryIPKSt6vectorIiSaIiEEENSt15iterator_traitsIT_E17iterator_categoryERKS6_
FNDA:0,_ZSt19__iterator_categoryIPKiENSt15iterator_traitsIT_E17iterator_categoryERKS3_
FNF:2
FNH:0
DA:205,0
DA:206,0
LF:2
LH:0
end_of_record
SF:/usr/include/c++/7/bits/stl_uninitialized.h
FN:76,_ZNSt20__uninitialized_copyILb0EE13__uninit_copyIPKSt6vectorIiSaIiEEPS4_EET0_T_S9_S8_
FN:99,_ZNSt20__uninitialized_copyILb1EE13__uninit_copyIN9__gnu_cxx17__normal_iteratorIPKiSt6vectorIiSaIiEEEEPiEET0_T_SC_SB_
FN:99,_ZNSt20__uninitialized_copyILb1EE13__uninit_copyIPKiPiEET0_T_S6_S5_
FN:115,_ZSt18uninitialized_copyIPKSt6vectorIiSaIiEEPS2_ET0_T_S7_S6_
FN:115,_ZSt18uninitialized_copyIPKiPiET0_T_S4_S3_
FN:115,_ZSt18uninitialized_copyIN9__gnu_cxx17__normal_iteratorIPKiSt6vectorIiSaIiEEEEPiET0_T_SA_S9_
FN:287,_ZSt22__uninitialized_copy_aIPKiPiiET0_T_S4_S3_RSaIT1_E
FN:287,_ZSt22__uninitialized_copy_aIPKSt6vectorIiSaIiEEPS2_S2_ET0_T_S7_S6_RSaIT1_E
FN:287,_ZSt22__uninitialized_copy_aIN9__gnu_cxx17__normal_iteratorIPKiSt6vectorIiSaIiEEEEPiiET0_T_SA_S9_RSaIT1_E
FNDA:0,_ZNSt20__uninitialized_copyILb0EE13__uninit_copyIPKSt6vectorIiSaIiEEPS4_EET0_T_S9_S8_
FNDA:0,_ZNSt20__uninitialized_copyILb1EE13__uninit_copyIN9__gnu_cxx17__normal_iteratorIPKiSt6vectorIiSaIiEEEEPiEET0_T_SC_SB_
FNDA:0,_ZNSt20__uninitialized_copyILb1EE13__uninit_copyIPKiPiEET0_T_S6_S5_
FNDA:0,_ZSt18uninitialized_copyIN9__gnu_cxx17__normal_iteratorIPKiSt6vectorIiSaIiEEEEPiET0_T_SA_S9_
FNDA:0,_ZSt18uninitialized_copyIPKSt6vectorIiSaIiEEPS2_ET0_T_S7_S6_
FNDA:0,_ZSt18uninitialized_copyIPKiPiET0_T_S4_S3_
FNDA:0,_ZSt22__uninitialized_copy_aIN9__gnu_cxx17__normal_iteratorIPKiSt6vectorIiSaIiEEEEPiiET0_T_SA_S9_RSaIT1_E
FNDA:0,_ZSt22__uninitialized_copy_aIPKSt6vectorIiSaIiEEPS2_S2_ET0_T_S7_S6_RSaIT1_E
FNDA:0,_ZSt22__uninitialized_copy_aIPKiPiiET0_T_S4_S3_RSaIT1_E
FNF:9
FNH:0
DA:76,0
DA:79,0
DA:82,0
DA:83,0
DA:84,0
DA:86,0
DA:88,0
DA:89,0
DA:99,0
DA:101,0
DA:115,0
DA:128,0
DA:134,0
DA:287,0
DA:289,0
LF:15
LH:0
end_of_record
SF:/usr/include/c++/7/bits/stl_vector.h
FN:81,_ZNSt12_Vector_baseIiSaIiEE12_Vector_implD2Ev
FN:81,_ZNSt12_Vector_baseISt6vectorIiSaIiEESaIS2_EE12_Vector_implD2Ev
FN:92,_ZNSt12_Vector_baseIiSaIiEE12_Vector_implC2ERKS0_
FN:92,_ZNSt12_Vector_baseISt6vectorIiSaIiEESaIS2_EE12_Vector_implC2ERKS3_
FN:115,_ZNSt12_Vector_baseIiSaIiEE19_M_get_Tp_allocatorEv
FN:115,_ZNSt12_Vector_baseISt6vectorIiSaIiEESaIS2_EE19_M_get_Tp_allocatorEv
FN:119,_ZNKSt12_Vector_baseIiSaIiEE19_M_get_Tp_allocatorEv
FN:129,_ZNSt12_Vector_baseIiSaIiEEC2ERKS0_
FN:129,_ZNSt12_Vector_baseISt6vectorIiSaIiEESaIS2_EEC2ERKS3_
FN:136,_ZNSt12_Vector_baseIiSaIiEEC2EmRKS0_
FN:161,_ZNSt12_Vector_baseISt6vectorIiSaIiEESaIS2_EED2Ev
FN:161,_ZNSt12_Vector_baseIiSaIiEED2Ev
FN:169,_ZNSt12_Vector_baseIiSaIiEE11_M_allocateEm
FN:169,_ZNSt12_Vector_baseISt6vectorIiSaIiEESaIS2_EE11_M_allocateEm
FN:176,_ZNSt12_Vector_baseIiSaIiEE13_M_deallocateEPim
FN:176,_ZNSt12_Vector_baseISt6vectorIiSaIiEESaIS2_EE13_M_deallocateEPS2_m
FN:185,_ZNSt12_Vector_baseIiSaIiEE17_M_create_storageEm
FN:326,_ZNSt6vectorIiSaIiEEC2ERKS1_
FN:383,_ZNSt6vectorIiSaIiEEC2ESt16initializer_listIiERKS0_
FN:383,_ZNSt6vectorIS_IiSaIiEESaIS1_EEC2ESt16initializer_listIS1_ERKS2_
FN:433,_ZNSt6vectorIS_IiSaIiEESaIS1_EED2Ev
FN:433,_ZNSt6vectorIiSaIiEED2Ev
FN:572,_ZNKSt6vectorIS_IiSaIiEESaIS1_EE5beginEv
FN:572,_ZNKSt6vectorIiSaIiEE5beginEv
FN:590,_ZNKSt6vectorIS_IiSaIiEESaIS1_EE3endEv
FN:590,_ZNKSt6vectorIiSaIiEE3endEv
FN:670,_ZNKSt6vectorIiSaIiEE4sizeEv
FN:670,_ZNKSt6vectorIS_IiSaIiEESaIS1_EE4sizeEv
FN:1319,_ZNSt6vectorIS_IiSaIiEESaIS1_EE19_M_range_initializeIPKS1_EEvT_S7_St20forward_iterator_tag
FN:1319,_ZNSt6vectorIiSaIiEE19_M_range_initializeIPKiEEvT_S5_St20forward_iterator_tag
FN:1596,_ZSteqISt6vectorIiSaIiEESaIS2_EEbRKS0_IT_T0_ES8_
FN:1596,_ZSteqIiSaIiEEbRKSt6vectorIT_T0_ES6_
FNDA:0,_ZNSt12_Vector_baseISt6vectorIiSaIiEESaIS2_EE12_Vector_implD2Ev
FNDA:0,_ZNSt12_Vector_baseIiSaIiEE12_Vector_implD2Ev
FNDA:0,_ZNSt12_Vector_baseISt6vectorIiSaIiEESaIS2_EE12_Vector_implC2ERKS3_
FNDA:0,_ZNSt12_Vector_baseIiSaIiEE12_Vector_implC2ERKS0_
FNDA:0,_ZNSt12_Vector_baseISt6vectorIiSaIiEESaIS2_EE19_M_get_Tp_allocatorEv
FNDA:0,_ZNSt12_Vector_baseIiSaIiEE19_M_get_Tp_allocatorEv
FNDA:0,_ZNKSt12_Vector_baseIiSaIiEE19_M_get_Tp_allocatorEv
FNDA:0,_ZNSt12_Vector_baseISt6vectorIiSaIiEESaIS2_EEC2ERKS3_
FNDA:0,_ZNSt12_Vector_baseIiSaIiEEC2ERKS0_
FNDA:0,_ZNSt12_Vector_baseIiSaIiEEC2EmRKS0_
FNDA:0,_ZNSt12_Vector_baseISt6vectorIiSaIiEESaIS2_EED2Ev
FNDA:0,_ZNSt12_Vector_baseIiSaIiEED2Ev
FNDA:0,_ZNSt12_Vector_baseISt6vectorIiSaIiEESaIS2_EE11_M_allocateEm
FNDA:0,_ZNSt12_Vector_baseIiSaIiEE11_M_allocateEm
FNDA:0,_ZNSt12_Vector_baseISt6vectorIiSaIiEESaIS2_EE13_M_deallocateEPS2_m
FNDA:0,_ZNSt12_Vector_baseIiSaIiEE13_M_deallocateEPim
FNDA:0,_ZNSt12_Vector_baseIiSaIiEE17_M_create_storageEm
FNDA:0,_ZNSt6vectorIiSaIiEEC2ERKS1_
FNDA:0,_ZNSt6vectorIS_IiSaIiEESaIS1_EEC2ESt16initializer_listIS1_ERKS2_
FNDA:0,_ZNSt6vectorIiSaIiEEC2ESt16initializer_listIiERKS0_
FNDA:0,_ZNSt6vectorIS_IiSaIiEESaIS1_EED2Ev
FNDA:0,_ZNSt6vectorIiSaIiEED2Ev
FNDA:0,_ZNKSt6vectorIiSaIiEE5beginEv
FNDA:0,_ZNKSt6vectorIS_IiSaIiEESaIS1_EE5beginEv
FNDA:0,_ZNKSt6vectorIiSaIiEE3endEv
FNDA:0,_ZNKSt6vectorIS_IiSaIiEESaIS1_EE3endEv
FNDA:0,_ZNKSt6vectorIiSaIiEE4sizeEv
FNDA:0,_ZNKSt6vectorIS_IiSaIiEESaIS1_EE4sizeEv
FNDA:0,_ZNSt6vectorIS_IiSaIiEESaIS1_EE19_M_range_initializeIPKS1_EEvT_S7_St20forward_iterator_tag
FNDA:0,_ZNSt6vectorIiSaIiEE19_M_range_initializeIPKiEEvT_S5_St20forward_iterator_tag
FNDA:0,_ZSteqIiSaIiEEbRKSt6vectorIT_T0_ES6_
FNDA:32,_ZSteqISt6vectorIiSaIiEESaIS2_EEbRKS0_IT_T0_ES8_
FNF:32
FNH:1
DA:81,0
DA:92,0
DA:93,0
DA:94,0
DA:115,0
DA:116,0
DA:119,0
DA:120,0
DA:129,0
DA:130,0
DA:136,0
DA:137,0
DA:138,0
DA:161,0
DA:162,0
DA:163,0
DA:169,0
DA:172,0
DA:176,0
DA:179,0
DA:180,0
DA:181,0
DA:185,0
DA:187,0
DA:188,0
DA:189,0
DA:190,0
DA:326,0
DA:328,0
DA:330,0
DA:331,0
DA:333,0
DA:334,0
DA:383,0
DA:385,0
DA:387,0
DA:389,0
DA:433,0
DA:434,0
DA:435,0
DA:572,0
DA:573,0
DA:590,0
DA:591,0
DA:670,0
DA:671,0
DA:1319,0
DA:1322,0
DA:1323,0
DA:1324,0
DA:1325,0
DA:1326,0
DA:1328,0
DA:1329,0
DA:1596,32
DA:1597,32
DA:1598,32
LF:57
LH:3
end_of_record
SF:/usr/include/c++/7/ext/alloc_traits.h
FN:94,_ZN9__gnu_cxx14__alloc_traitsISaIiEE17_S_select_on_copyERKS1_
FNDA:0,_ZN9__gnu_cxx14__alloc_traitsISaIiEE17_S_select_on_copyERKS1_
FNF:1
FNH:0
DA:94,0
DA:95,0
LF:2
LH:0
end_of_record
SF:/usr/include/c++/7/ext/new_allocator.h
FN:79,_ZN9__gnu_cxx13new_allocatorISt6vectorIiSaIiEEEC2Ev
FN:79,_ZN9__gnu_cxx13new_allocatorIiEC2Ev
FN:81,_ZN9__gnu_cxx13new_allocatorISt6vectorIiSaIiEEEC2ERKS4_
FN:81,_ZN9__gnu_cxx13new_allocatorIiEC2ERKS1_
FN:86,_ZN9__gnu_cxx13new_allocatorIiED2Ev
FN:86,_ZN9__gnu_cxx13new_allocatorISt6vectorIiSaIiEEED2Ev
FN:99,_ZN9__gnu_cxx13new_allocatorISt6vectorIiSaIiEEE8allocateEmPKv
FN:99,_ZN9__gnu_cxx13new_allocatorIiE8allocateEmPKv
FN:116,_ZN9__gnu_cxx13new_allocatorISt6vectorIiSaIiEEE10deallocateEPS3_m
FN:116,_ZN9__gnu_cxx13new_allocatorIiE10deallocateEPim
FN:129,_ZNK9__gnu_cxx13new_allocatorISt6vectorIiSaIiEEE8max_sizeEv
FN:129,_ZNK9__gnu_cxx13new_allocatorIiE8max_sizeEv
FNDA:0,_ZN9__gnu_cxx13new_allocatorISt6vectorIiSaIiEEEC2Ev
FNDA:0,_ZN9__gnu_cxx13new_allocatorIiEC2Ev
FNDA:0,_ZN9__gnu_cxx13new_allocatorISt6vectorIiSaIiEEEC2ERKS4_
FNDA:0,_ZN9__gnu_cxx13new_allocatorIiEC2ERKS1_
FNDA:0,_ZN9__gnu_cxx13new_allocatorISt6vectorIiSaIiEEED2Ev
FNDA:0,_ZN9__gnu_cxx13new_allocatorIiED2Ev
FNDA:0,_ZN9__gnu_cxx13new_allocatorISt6vectorIiSaIiEEE8allocateEmPKv
FNDA:0,_ZN9__gnu_cxx13new_allocatorIiE8allocateEmPKv
FNDA:0,_ZN9__gnu_cxx13new_allocatorISt6vectorIiSaIiEEE10deallocateEPS3_m
FNDA:0,_ZN9__gnu_cxx13new_allocatorIiE10deallocateEPim
FNDA:0,_ZNK9__gnu_cxx13new_allocatorISt6vectorIiSaIiEEE8max_sizeEv
FNDA:0,_ZNK9__gnu_cxx13new_allocatorIiE8max_sizeEv
FNF:12
FNH:0
DA:79,0
DA:81,0
DA:86,0
DA:99,0
DA:101,0
DA:102,0
DA:111,0
DA:116,0
DA:125,0
DA:126,0
DA:129,0
DA:130,0
LF:12
LH:0
end_of_record
SF:/usr/include/c++/7/initializer_list
FN:71,_ZNKSt16initializer_listIiE4sizeEv
FN:71,_ZNKSt16initializer_listISt6vectorIiSaIiEEE4sizeEv
FN:75,_ZNKSt16initializer_listISt6vectorIiSaIiEEE5beginEv
FN:75,_ZNKSt16initializer_listIiE5beginEv
FN:79,_ZNKSt16initializer_listIiE3endEv
FN:79,_ZNKSt16initializer_listISt6vectorIiSaIiEEE3endEv
FNDA:0,_ZNKSt16initializer_listISt6vectorIiSaIiEEE4sizeEv
FNDA:0,_ZNKSt16initializer_listIiE4sizeEv
FNDA:0,_ZNKSt16initializer_listISt6vectorIiSaIiEEE5beginEv
FNDA:0,_ZNKSt16initializer_listIiE5beginEv
FNDA:0,_ZNKSt16initializer_listISt6vectorIiSaIiEEE3endEv
FNDA:0,_ZNKSt16initializer_listIiE3endEv
FNF:6
FNH:0
DA:71,0
DA:75,0
DA:79,0
LF:3
LH:0
end_of_record
SF:/usr/include/c++/7/iostream
DA:74,3
LF:1
LH:1
end_of_record
SF:/usr/include/c++/7/new
FN:168,_ZnwmPv
FN:174,_ZdlPvS_
FNDA:0,_ZnwmPv
FNDA:0,_ZdlPvS_
FNF:2
FNH:0
DA:168,0
DA:169,0
DA:174,0
LF:3
LH:0
end_of_record
TN:
SF:/home/mdemaria/tpi/codigoTPI_test++/indiceGiniTEST.cpp
FN:12,_ZN43indiceGini_desigualdadTotalTresHogares_TestD2Ev
FN:12,_ZN43indiceGini_desigualdadTotalTresHogares_Test8TestBodyEv
FN:12,_ZN43indiceGini_desigualdadTotalTresHogares_TestC2Ev
FN:12,_ZN43indiceGini_desigualdadTotalTresHogares_TestD0Ev
FN:31,_ZN39indiceGini_igualdadTotalDosHogares_TestC2Ev
FN:31,_ZN39indiceGini_igualdadTotalDosHogares_TestD0Ev
FN:31,_ZN39indiceGini_igualdadTotalDosHogares_TestD2Ev
FN:31,_ZN39indiceGini_igualdadTotalDosHogares_Test8TestBodyEv
FN:49,_ZN46indiceGini_hogaresConIngresosNoInformados_TestD0Ev
FN:49,_ZN46indiceGini_hogaresConIngresosNoInformados_TestC2Ev
FN:49,_ZN46indiceGini_hogaresConIngresosNoInformados_Test8TestBodyEv
FN:49,_ZN46indiceGini_hogaresConIngresosNoInformados_TestD2Ev
FN:68,_ZN26indiceGini_dosHogares_TestD0Ev
FN:68,_ZN26indiceGini_dosHogares_TestD2Ev
FN:68,_ZN26indiceGini_dosHogares_TestC2Ev
FN:68,_ZN26indiceGini_dosHogares_Test8TestBodyEv
FN:84,_ZN35indiceGini_encuestaDesordenada_TestD0Ev
FN:84,_ZN35indiceGini_encuestaDesordenada_TestC2Ev
FN:84,_ZN35indiceGini_encuestaDesordenada_TestD2Ev
FN:84,_ZN35indiceGini_encuestaDesordenada_Test8TestBodyEv
FN:101,_GLOBAL__sub_I__ZN43indiceGini_desigualdadTotalTresHogares_Test10test_info_E
FN:101,_Z41__static_initialization_and_destruction_0ii
FNDA:16,_ZN43indiceGini_desigualdadTotalTresHogares_TestD0Ev
FNDA:16,_ZN43indiceGini_desigualdadTotalTresHogares_TestD2Ev
FNDA:16,_ZN43indiceGini_desigualdadTotalTresHogares_Test8TestBodyEv
FNDA:16,_ZN43indiceGini_desigualdadTotalTresHogares_TestC2Ev
FNDA:16,_ZN39indiceGini_igualdadTotalDosHogares_TestD0Ev
FNDA:16,_ZN39indiceGini_igualdadTotalDosHogares_TestD2Ev
FNDA:16,_ZN39indiceGini_igualdadTotalDosHogares_Test8TestBodyEv
FNDA:16,_ZN39indiceGini_igualdadTotalDosHogares_TestC2Ev
FNDA:16,_ZN46indiceGini_hogaresConIngresosNoInformados_TestD0Ev
FNDA:16,_ZN46indiceGini_hogaresConIngresosNoInformados_TestD2Ev
FNDA:16,_ZN46indiceGini_hogaresConIngresosNoInformados_Test8TestBodyEv
FNDA:16,_ZN46indiceGini_hogaresConIngresosNoInformados_TestC2Ev
FNDA:16,_ZN26indiceGini_dosHogares_TestD0Ev
FNDA:16,_ZN26indiceGini_dosHogares_TestD2Ev
FNDA:16,_ZN26indiceGini_dosHogares_Test8TestBodyEv
FNDA:16,_ZN26indiceGini_dosHogares_TestC2Ev
FNDA:16,_ZN35indiceGini_encuestaDesordenada_TestD0Ev
FNDA:16,_ZN35indiceGini_encuestaDesordenada_TestD2Ev
FNDA:16,_ZN35indiceGini_encuestaDesordenada_Test8TestBodyEv
FNDA:16,_ZN35indiceGini_encuestaDesordenada_TestC2Ev
FNDA:17,_GLOBAL__sub_I__ZN43indiceGini_desigualdadTotalTresHogares_Test10test_info_E
FNDA:17,_Z41__static_initialization_and_destruction_0ii
FNF:22
FNH:22
DA:12,81
DA:17,32
DA:24,32
DA:26,16
DA:27,16
DA:28,16
DA:29,16
DA:31,81
DA:35,32
DA:41,32
DA:43,16
DA:44,16
DA:45,16
DA:46,16
DA:49,81
DA:54,32
DA:61,32
DA:63,16
DA:64,16
DA:65,16
DA:66,16
DA:68,81
DA:72,32
DA:77,32
DA:79,16
DA:80,16
DA:81,16
DA:82,16
DA:84,81
DA:89,32
DA:96,32
DA:98,16
DA:99,16
DA:100,16
DA:101,67
LF:35
LH:35
end_of_record
SF:/home/mdemaria/tpi/lib/googletest-master/googletest/include/gtest/gtest-message.h
FN:85,_ZN7testing7MessageD2Ev
FNDA:0,_ZN7testing7MessageD2Ev
FNF:1
FNH:0
DA:85,0
LF:1
LH:0
end_of_record
SF:/home/mdemaria/tpi/lib/googletest-master/googletest/include/gtest/gtest.h
FN:268,_ZN7testing15AssertionResultD2Ev
FN:286,_ZN7testing15AssertionResultC2IbEERKT_PNS_8internal8EnableIfIXntsrNS5_21ImplicitlyConvertibleIS2_S0_EE5valueEE4typeE
FN:304,_ZNK7testing15AssertionResultcvbEv
FN:414,_ZN7testing4Test13SetUpTestCaseEv
FN:422,_ZN7testing4Test16TearDownTestCaseEv
FN:499,_ZN7testing4Test5SetupEv
FNDA:0,_ZN7testing15AssertionResultD2Ev
FNDA:0,_ZN7testing15AssertionResultC2IbEERKT_PNS_8internal8EnableIfIXntsrNS5_21ImplicitlyConvertibleIS2_S0_EE5valueEE4typeE
FNDA:0,_ZNK7testing15AssertionResultcvbEv
FNDA:0,_ZN7testing4Test13SetUpTestCaseEv
FNDA:0,_ZN7testing4Test16TearDownTestCaseEv
FNDA:0,_ZN7testing4Test5SetupEv
FNF:6
FNH:0
DA:268,0
DA:286,0
DA:291,0
DA:304,0
DA:414,0
DA:422,0
DA:499,0
LF:7
LH:0
end_of_record
SF:/home/mdemaria/tpi/lib/googletest-master/googletest/include/gtest/internal/gtest-internal.h
FN:448,_ZN7testing8internal15TestFactoryBaseD0Ev
FN:448,_ZN7testing8internal15TestFactoryBaseD2Ev
FN:455,_ZN7testing8internal15TestFactoryBaseC2Ev
FN:464,_ZN7testing8internal15TestFactoryImplI35indiceGini_encuestaDesordenada_TestEC2Ev
FN:464,_ZN7testing8internal15TestFactoryImplI39indiceGini_igualdadTotalDosHogares_TestED0Ev
FN:464,_ZN7testing8internal15TestFactoryImplI35indiceGini_encuestaDesordenada_TestED2Ev
FN:464,_ZN7testing8internal15TestFactoryImplI43indiceGini_desigualdadTotalTresHogares_TestEC2Ev
FN:464,_ZN7testing8internal15TestFactoryImplI46indiceGini_hogaresConIngresosNoInformados_TestED0Ev
FN:464,_ZN7testing8internal15TestFactoryImplI39indiceGini_igualdadTotalDosHogares_TestED2Ev
FN:464,_ZN7testing8internal15TestFactoryImplI39indiceGini_igualdadTotalDosHogares_TestEC2Ev
FN:464,_ZN7testing8internal15TestFactoryImplI35indiceGini_encuestaDesordenada_TestED0Ev
FN:464,_ZN7testing8internal15TestFactoryImplI43indiceGini_desigualdadTotalTresHogares_TestED0Ev
FN:464,_ZN7testing8internal15TestFactoryImplI26indiceGini_dosHogares_TestED2Ev
FN:464,_ZN7testing8internal15TestFactoryImplI43indiceGini_desigualdadTotalTresHogares_TestED2Ev
FN:464,_ZN7testing8internal15TestFactoryImplI26indiceGini_dosHogares_TestEC2Ev
FN:464,_ZN7testing8internal15TestFactoryImplI26indiceGini_dosHogares_TestED0Ev
FN:464,_ZN7testing8internal15TestFactoryImplI46indiceGini_hogaresConIngresosNoInformados_TestED2Ev
FN:464,_ZN7testing8internal15TestFactoryImplI46indiceGini_hogaresConIngresosNoInformados_TestEC2Ev
FN:466,_ZN7testing8internal15TestFactoryImplI35indiceGini_encuestaDesordenada_TestE10CreateTestEv
FN:466,_ZN7testing8internal15TestFactoryImplI46indiceGini_hogaresConIngresosNoInformados_TestE10CreateTestEv
FN:466,_ZN7testing8internal15TestFactoryImplI39indiceGini_igualdadTotalDosHogares_TestE10CreateTestEv
FN:466,_ZN7testing8internal15TestFactoryImplI26indiceGini_dosHogares_TestE10CreateTestEv
FN:466,_ZN7testing8internal15TestFactoryImplI43indiceGini_desigualdadTotalTresHogares_TestE10CreateTestEv
FN:486,_ZN7testing8internal12CodeLocationD2Ev
FN:487,_ZN7testing8internal12CodeLocationC2ERKNSt7__cxx1112basic_stringIcSt11char_traitsIcESaIcEEEi
FNDA:0,_ZN7testing8internal15TestFactoryBaseD0Ev
FNDA:0,_ZN7testing8internal15TestFactoryBaseD2Ev
FNDA:0,_ZN7testing8internal15TestFactoryBaseC2Ev
FNDA:17,_ZN7testing8internal15TestFactoryImplI43indiceGini_desigualdadTotalTresHogares_TestED0Ev
FNDA:17,_ZN7testing8internal15TestFactoryImplI43indiceGini_desigualdadTotalTresHogares_TestED2Ev
FNDA:17,_ZN7testing8internal15TestFactoryImplI39indiceGini_igualdadTotalDosHogares_TestED0Ev
FNDA:17,_ZN7testing8internal15TestFactoryImplI39indiceGini_igualdadTotalDosHogares_TestED2Ev
FNDA:17,_ZN7testing8internal15TestFactoryImplI46indiceGini_hogaresConIngresosNoInformados_TestED0Ev
FNDA:17,_ZN7testing8internal15TestFactoryImplI46indiceGini_hogaresConIngresosNoInformados_TestED2Ev
FNDA:17,_ZN7testing8internal15TestFactoryImplI26indiceGini_dosHogares_TestED0Ev
FNDA:17,_ZN7testing8internal15TestFactoryImplI26indiceGini_dosHogares_TestED2Ev
FNDA:17,_ZN7testing8internal15TestFactoryImplI35indiceGini_encuestaDesordenada_TestED0Ev
FNDA:17,_ZN7testing8internal15TestFactoryImplI35indiceGini_encuestaDesordenada_TestED2Ev
FNDA:17,_ZN7testing8internal15TestFactoryImplI35indiceGini_encuestaDesordenada_TestEC2Ev
FNDA:17,_ZN7testing8internal15TestFactoryImplI26indiceGini_dosHogares_TestEC2Ev
FNDA:17,_ZN7testing8internal15TestFactoryImplI46indiceGini_hogaresConIngresosNoInformados_TestEC2Ev
FNDA:17,_ZN7testing8internal15TestFactoryImplI39indiceGini_igualdadTotalDosHogares_TestEC2Ev
FNDA:17,_ZN7testing8internal15TestFactoryImplI43indiceGini_desigualdadTotalTresHogares_TestEC2Ev
FNDA:16,_ZN7testing8internal15TestFactoryImplI43indiceGini_desigualdadTotalTresHogares_TestE10CreateTestEv
FNDA:16,_ZN7testing8internal15TestFactoryImplI39indiceGini_igualdadTotalDosHogares_TestE10CreateTestEv
FNDA:16,_ZN7testing8internal15TestFactoryImplI46indiceGini_hogaresConIngresosNoInformados_TestE10CreateTestEv
FNDA:16,_ZN7testing8internal15TestFactoryImplI26indiceGini_dosHogares_TestE10CreateTestEv
FNDA:16,_ZN7testing8internal15TestFactoryImplI35indiceGini_encuestaDesordenada_TestE10CreateTestEv
FNDA:0,_ZN7testing8internal12CodeLocationD2Ev
FNDA:0,_ZN7testing8internal12CodeLocationC2ERKNSt7__cxx1112basic_stringIcSt11char_traitsIcESaIcEEEi
FNF:25
FNH:20
DA:448,0
DA:455,0
DA:464,255
DA:466,80
DA:486,0
DA:487,0
DA:488,0
LF:7
LH:2
end_of_record
SF:/home/mdemaria/tpi/lib/googletest-master/googletest/include/gtest/internal/gtest-port.h
FN:1184,_ZN7testing8internal10scoped_ptrINSt7__cxx1112basic_stringIcSt11char_traitsIcESaIcEEEEC2EPS7_
FN:1185,_ZN7testing8internal10scoped_ptrINSt7__cxx1112basic_stringIcSt11char_traitsIcESaIcEEEED2Ev
FN:1185,_ZN7testing8internal10scoped_ptrINSt7__cxx1118basic_stringstreamIcSt11char_traitsIcESaIcEEEED2Ev
FN:1197,_ZN7testing8internal10scoped_ptrINSt7__cxx1118basic_stringstreamIcSt11char_traitsIcESaIcEEEE5resetEPS7_
FN:1197,_ZN7testing8internal10scoped_ptrINSt7__cxx1112basic_stringIcSt11char_traitsIcESaIcEEEE5resetEPS7_
FNDA:0,_ZN7testing8internal10scoped_ptrINSt7__cxx1112basic_stringIcSt11char_traitsIcESaIcEEEEC2EPS7_
FNDA:0,_ZN7testing8internal10scoped_ptrINSt7__cxx1112basic_stringIcSt11char_traitsIcESaIcEEEED2Ev
FNDA:0,_ZN7testing8internal10scoped_ptrINSt7__cxx1118basic_stringstreamIcSt11char_traitsIcESaIcEEEED2Ev
FNDA:0,_ZN7testing8internal10scoped_ptrINSt7__cxx1118basic_stringstreamIcSt11char_traitsIcESaIcEEEE5resetEPS7_
FNDA:0,_ZN7testing8internal10scoped_ptrINSt7__cxx1112basic_stringIcSt11char_traitsIcESaIcEEEE5resetEPS7_
FNF:5
FNH:0
DA:1184,0
DA:1185,0
DA:1197,0
DA:1198,0
DA:1199,0
DA:1200,0
DA:1202,0
DA:1204,0
LF:8
LH:0
end_of_record
SF:/usr/include/c++/7/bits/alloc_traits.h
FN:435,_ZNSt16allocator_traitsISaIiEE8allocateERS0_m
FN:435,_ZNSt16allocator_traitsISaISt6vectorIiSaIiEEEE8allocateERS3_m
FN:461,_ZNSt16allocator_traitsISaISt6vectorIiSaIiEEEE10deallocateERS3_PS2_m
FN:461,_ZNSt16allocator_traitsISaIiEE10deallocateERS0_Pim
FN:504,_ZNSt16allocator_traitsISaISt6vectorIiSaIiEEEE37select_on_container_copy_constructionERKS3_
FN:504,_ZNSt16allocator_traitsISaIiEE37select_on_container_copy_constructionERKS0_
FNDA:0,_ZNSt16allocator_traitsISaISt6vectorIiSaIiEEEE8allocateERS3_m
FNDA:0,_ZNSt16allocator_traitsISaIiEE8allocateERS0_m
FNDA:0,_ZNSt16allocator_traitsISaISt6vectorIiSaIiEEEE10deallocateERS3_PS2_m
FNDA:0,_ZNSt16allocator_traitsISaIiEE10deallocateERS0_Pim
FNDA:0,_ZNSt16allocator_traitsISaIiEE37select_on_container_copy_constructionERKS0_
FNDA:0,_ZNSt16allocator_traitsISaISt6vectorIiSaIiEEEE37select_on_container_copy_constructionERKS3_
FNF:6
FNH:0
DA:435,0
DA:436,0
DA:461,0
DA:462,0
DA:504,0
DA:505,0
LF:6
LH:0
end_of_record
SF:/usr/include/c++/7/bits/allocator.h
FN:131,_ZNSaIiEC2Ev
FN:131,_ZNSaISt6vectorIiSaIiEEEC2Ev
FN:133,_ZNSaISt6vectorIiSaIiEEEC2ERKS2_
FN:133,_ZNSaIiEC2ERKS_
FN:139,_ZNSaISt6vectorIiSaIiEEED2Ev
FN:139,_ZNSaIiED2Ev
FNDA:0,_ZNSaISt6vectorIiSaIiEEEC2Ev
FNDA:0,_ZNSaIiEC2Ev
FNDA:0,_ZNSaIiEC2ERKS_
FNDA:0,_ZNSaISt6vectorIiSaIiEEEC2ERKS2_
FNDA:0,_ZNSaISt6vectorIiSaIiEEED2Ev
FNDA:0,_ZNSaIiED2Ev
FNF:6
FNH:0
DA:131,0
DA:133,0
DA:134,0
DA:139,0
LF:4
LH:0
end_of_record
SF:/usr/include/c++/7/bits/cpp_type_traits.h
FN:408,_ZSt12__miter_baseIN9__gnu_cxx17__normal_iteratorIPKiSt6vectorIiSaIiEEEEET_S8_
FN:408,_ZSt12__miter_baseIPKiET_S2_
FNDA:0,_ZSt12__miter_baseIN9__gnu_cxx17__normal_iteratorIPKiSt6vectorIiSaIiEEEEET_S8_
FNDA:0,_ZSt12__miter_baseIPKiET_S2_
FNF:2
FNH:0
DA:408,0
DA:409,0
LF:2
LH:0
end_of_record
SF:/usr/include/c++/7/bits/move.h
FN:47,_ZSt11__addressofISt6vectorIiSaIiEEEPT_RS3_
FN:73,_ZSt7forwardIRKSt6vectorIiSaIiEEEOT_RNSt16remove_referenceIS5_E4typeE
FNDA:0,_ZSt11__addressofISt6vectorIiSaIiEEEPT_RS3_
FNDA:0,_ZSt7forwardIRKSt6vectorIiSaIiEEEOT_RNSt16remove_referenceIS5_E4typeE
FNF:2
FNH:0
DA:47,0
DA:48,0
DA:73,0
DA:74,0
LF:4
LH:0
end_of_record
SF:/usr/include/c++/7/bits/stl_algobase.h
FN:277,_ZSt12__niter_baseIPKiET_S2_
FN:277,_ZSt12__niter_baseIPiET_S1_
FN:357,_ZNSt11__copy_moveILb0ELb1ESt26random_access_iterator_tagE8__copy_mIiEEPT_PKS3_S6_S4_
FN:375,_ZSt13__copy_move_aILb0EPKiPiET1_T0_S4_S3_
FN:420,_ZSt14__copy_move_a2ILb0EN9__gnu_cxx17__normal_iteratorIPKiSt6vectorIiSaIiEEEEPiET1_T0_SA_S9_
FN:420,_ZSt14__copy_move_a2ILb0EPKiPiET1_T0_S4_S3_
FN:446,_ZSt4copyIPKiPiET0_T_S4_S3_
FN:446,_ZSt4copyIN9__gnu_cxx17__normal_iteratorIPKiSt6vectorIiSaIiEEEEPiET0_T_SA_S9_
FNDA:0,_ZSt12__niter_baseIPiET_S1_
FNDA:0,_ZSt12__niter_baseIPKiET_S2_
FNDA:0,_ZNSt11__copy_moveILb0ELb1ESt26random_access_iterator_tagE8__copy_mIiEEPT_PKS3_S6_S4_
FNDA:0,_ZSt13__copy_move_aILb0EPKiPiET1_T0_S4_S3_
FNDA:0,_ZSt14__copy_move_a2ILb0EN9__gnu_cxx17__normal_iteratorIPKiSt6vectorIiSaIiEEEEPiET1_T0_SA_S9_
FNDA:0,_ZSt14__copy_move_a2ILb0EPKiPiET1_T0_S4_S3_
FNDA:0,_ZSt4copyIN9__gnu_cxx17__normal_iteratorIPKiSt6vectorIiSaIiEEEEPiET0_T_SA_S9_
FNDA:0,_ZSt4copyIPKiPiET0_T_S4_S3_
FNF:8
FNH:0
DA:277,0
DA:278,0
DA:357,0
DA:366,0
DA:367,0
DA:368,0
DA:369,0
DA:375,0
DA:380,0
DA:386,0
DA:420,0
DA:422,0
DA:424,0
DA:446,0
DA:455,0
DA:456,0
LF:16
LH:0
end_of_record
SF:/usr/include/c++/7/bits/stl_construct.h
FN:74,_ZSt10_ConstructISt6vectorIiSaIiEEJRKS2_EEvPT_DpOT0_
FN:97,_ZSt8_DestroyISt6vectorIiSaIiEEEvPT_
FN:105,_ZNSt12_Destroy_auxILb0EE9__destroyIPSt6vectorIiSaIiEEEEvT_S6_
FN:117,_ZNSt12_Destroy_auxILb1EE9__destroyIPiEEvT_S3_
FN:127,_ZSt8_DestroyIPSt6vectorIiSaIiEEEvT_S4_
FN:127,_ZSt8_DestroyIPiEvT_S1_
FN:203,_ZSt8_DestroyIPSt6vectorIiSaIiEES2_EvT_S4_RSaIT0_E
FN:203,_ZSt8_DestroyIPiiEvT_S1_RSaIT0_E
FNDA:0,_ZSt10_ConstructISt6vectorIiSaIiEEJRKS2_EEvPT_DpOT0_
FNDA:0,_ZSt8_DestroyISt6vectorIiSaIiEEEvPT_
FNDA:0,_ZNSt12_Destroy_auxILb0EE9__destroyIPSt6vectorIiSaIiEEEEvT_S6_
FNDA:0,_ZNSt12_Destroy_auxILb1EE9__destroyIPiEEvT_S3_
FNDA:0,_ZSt8_DestroyIPSt6vectorIiSaIiEEEvT_S4_
FNDA:0,_ZSt8_DestroyIPiEvT_S1_
FNDA:0,_ZSt8_DestroyIPSt6vectorIiSaIiEES2_EvT_S4_RSaIT0_E
FNDA:0,_ZSt8_DestroyIPiiEvT_S1_RSaIT0_E
FNF:8
FNH:0
DA:74,0
DA:75,0
DA:97,0
DA:98,0
DA:105,0
DA:107,0
DA:108,0
DA:109,0
DA:117,0
DA:127,0
DA:137,0
DA:138,0
DA:203,0
DA:206,0
DA:207,0
LF:15
LH:0
end_of_record
SF:/usr/include/c++/7/bits/stl_iterator.h
FN:779,_ZN9__gnu_cxx17__normal_iteratorIPKSt6vectorIiSaIiEES1_IS3_SaIS3_EEEC2ERKS5_
FN:779,_ZN9__gnu_cxx17__normal_iteratorIPKiSt6vectorIiSaIiEEEC2ERKS2_
FN:792,_ZNK9__gnu_cxx17__normal_iteratorIPKSt6vectorIiSaIiEES1_IS3_SaIS3_EEEdeEv
FN:800,_ZN9__gnu_cxx17__normal_iteratorIPKSt6vectorIiSaIiEES1_IS3_SaIS3_EEEppEv
FN:844,_ZNK9__gnu_cxx17__normal_iteratorIPKSt6vectorIiSaIiEES1_IS3_SaIS3_EEE4baseEv
FN:844,_ZNK9__gnu_cxx17__normal_iteratorIPKiSt6vectorIiSaIiEEE4baseEv
FN:880,_ZN9__gnu_cxxneIPKSt6vectorIiSaIiEES1_IS3_SaIS3_EEEEbRKNS_17__normal_iteratorIT_T0_EESD_
FN:983,_ZSt12__niter_baseIPKiSt6vectorIiSaIiEEET_N9__gnu_cxx17__normal_iteratorIS5_T0_EE
FNDA:0,_ZN9__gnu_cxx17__normal_iteratorIPKiSt6vectorIiSaIiEEEC2ERKS2_
FNDA:0,_ZN9__gnu_cxx17__normal_iteratorIPKSt6vectorIiSaIiEES1_IS3_SaIS3_EEEC2ERKS5_
FNDA:0,_ZNK9__gnu_cxx17__normal_iteratorIPKSt6vectorIiSaIiEES1_IS3_SaIS3_EEEdeEv
FNDA:0,_ZN9__gnu_cxx17__normal_iteratorIPKSt6vectorIiSaIiEES1_IS3_SaIS3_EEEppEv
FNDA:0,_ZNK9__gnu_cxx17__normal_iteratorIPKiSt6vectorIiSaIiEEE4baseEv
FNDA:0,_ZNK9__gnu_cxx17__normal_iteratorIPKSt6vectorIiSaIiEES1_IS3_SaIS3_EEE4baseEv
FNDA:0,_ZN9__gnu_cxxneIPKSt6vectorIiSaIiEES1_IS3_SaIS3_EEEEbRKNS_17__normal_iteratorIT_T0_EESD_
FNDA:0,_ZSt12__niter_baseIPKiSt6vectorIiSaIiEEET_N9__gnu_cxx17__normal_iteratorIS5_T0_EE
FNF:8
FNH:0
DA:779,0
DA:780,0
DA:792,0
DA:793,0
DA:800,0
DA:802,0
DA:803,0
DA:844,0
DA:845,0
DA:880,0
DA:883,0
DA:983,0
DA:984,0
LF:13
LH:0
end_of_record
SF:/usr/include/c++/7/bits/stl_iterator_base_funcs.h
FN:98,_ZSt10__distanceIPKSt6vectorIiSaIiEEENSt15iterator_traitsIT_E15difference_typeES6_S6_St26random_access_iterator_tag
FN:98,_ZSt10__distanceIPKiENSt15iterator_traitsIT_E15difference_typeES3_S3_St26random_access_iterator_tag
FN:138,_ZSt8distanceIPKSt6vectorIiSaIiEEENSt15iterator_traitsIT_E15difference_typeES6_S6_
FN:138,_ZSt8distanceIPKiENSt15iterator_traitsIT_E15difference_typeES3_S3_
FNDA:0,_ZSt10__distanceIPKSt6vectorIiSaIiEEENSt15iterator_traitsIT_E15difference_typeES6_S6_St26random_access_iterator_tag
FNDA:0,_ZSt10__distanceIPKiENSt15iterator_traitsIT_E15difference_typeES3_S3_St26random_access_iterator_tag
FNDA:0,_ZSt8distanceIPKSt6vectorIiSaIiEEENSt15iterator_traitsIT_E15difference_typeES6_S6_
FNDA:0,_ZSt8distanceIPKiENSt15iterator_traitsIT_E15difference_typeES3_S3_
FNF:4
FNH:0
DA:98,0
DA:104,0
DA:138,0
DA:141,0
DA:142,0
LF:5
LH:0
end_of_record
SF:/usr/include/c++/7/bits/stl_iterator_base_types.h
FN:205,_ZSt19__iterator_categoryIPKSt6vectorIiSaIiEEENSt15iterator_traitsIT_E17iterator_categoryERKS6_
FN:205,_ZSt19__iterator_categoryIPKiENSt15iterator_traitsIT_E17iterator_categoryERKS3_
FNDA:0,_ZSt19__iterator_categoryIPKSt6vectorIiSaIiEEENSt15iterator_traitsIT_E17iterator_categoryERKS6_
FNDA:0,_ZSt19__iterator_categoryIPKiENSt15iterator_traitsIT_E17iterator_categoryERKS3_
FNF:2
FNH:0
DA:205,0
DA:206,0
LF:2
LH:0
end_of_record
SF:/usr/include/c++/7/bits/stl_uninitialized.h
FN:76,_ZNSt20__uninitialized_copyILb0EE13__uninit_copyIN9__gnu_cxx17__normal_iteratorIPKSt6vectorIiSaIiEES4_IS6_SaIS6_EEEEPS6_EET0_T_SE_SD_
FN:76,_ZNSt20__uninitialized_copyILb0EE13__uninit_copyIPKSt6vectorIiSaIiEEPS4_EET0_T_S9_S8_
FN:99,_ZNSt20__uninitialized_copyILb1EE13__uninit_copyIPKiPiEET0_T_S6_S5_
FN:99,_ZNSt20__uninitialized_copyILb1EE13__uninit_copyIN9__gnu_cxx17__normal_iteratorIPKiSt6vectorIiSaIiEEEEPiEET0_T_SC_SB_
FN:115,_ZSt18uninitialized_copyIN9__gnu_cxx17__normal_iteratorIPKSt6vectorIiSaIiEES2_IS4_SaIS4_EEEEPS4_ET0_T_SC_SB_
FN:115,_ZSt18uninitialized_copyIN9__gnu_cxx17__normal_iteratorIPKiSt6vectorIiSaIiEEEEPiET0_T_SA_S9_
FN:115,_ZSt18uninitialized_copyIPKiPiET0_T_S4_S3_
FN:115,_ZSt18uninitialized_copyIPKSt6vectorIiSaIiEEPS2_ET0_T_S7_S6_
FN:287,_ZSt22__uninitialized_copy_aIN9__gnu_cxx17__normal_iteratorIPKiSt6vectorIiSaIiEEEEPiiET0_T_SA_S9_RSaIT1_E
FN:287,_ZSt22__uninitialized_copy_aIN9__gnu_cxx17__normal_iteratorIPKSt6vectorIiSaIiEES2_IS4_SaIS4_EEEEPS4_S4_ET0_T_SC_SB_RSaIT1_E
FN:287,_ZSt22__uninitialized_copy_aIPKSt6vectorIiSaIiEEPS2_S2_ET0_T_S7_S6_RSaIT1_E
FN:287,_ZSt22__uninitialized_copy_aIPKiPiiET0_T_S4_S3_RSaIT1_E
FNDA:0,_ZNSt20__uninitialized_copyILb0EE13__uninit_copyIPKSt6vectorIiSaIiEEPS4_EET0_T_S9_S8_
FNDA:0,_ZNSt20__uninitialized_copyILb0EE13__uninit_copyIN9__gnu_cxx17__normal_iteratorIPKSt6vectorIiSaIiEES4_IS6_SaIS6_EEEEPS6_EET0_T_SE_SD_
FNDA:0,_ZNSt20__uninitialized_copyILb1EE13__uninit_copyIN9__gnu_cxx17__normal_iteratorIPKiSt6vectorIiSaIiEEEEPiEET0_T_SC_SB_
FNDA:0,_ZNSt20__uninitialized_copyILb1EE13__uninit_copyIPKiPiEET0_T_S6_S5_
FNDA:0,_ZSt18uninitialized_copyIN9__gnu_cxx17__normal_iteratorIPKiSt6vectorIiSaIiEEEEPiET0_T_SA_S9_
FNDA:0,_ZSt18uninitialized_copyIPKSt6vectorIiSaIiEEPS2_ET0_T_S7_S6_
FNDA:0,_ZSt18uninitialized_copyIPKiPiET0_T_S4_S3_
FNDA:0,_ZSt18uninitialized_copyIN9__gnu_cxx17__normal_iteratorIPKSt6vectorIiSaIiEES2_IS4_SaIS4_EEEEPS4_ET0_T_SC_SB_
FNDA:0,_ZSt22__uninitialized_copy_aIN9__gnu_cxx17__normal_iteratorIPKiSt6vectorIiSaIiEEEEPiiET0_T_SA_S9_RSaIT1_E
FNDA:0,_ZSt22__uninitialized_copy_aIPKSt6vectorIiSaIiEEPS2_S2_ET0_T_S7_S6_RSaIT1_E
FNDA:0,_ZSt22__uninitialized_copy_aIPKiPiiET0_T_S4_S3_RSaIT1_E
FNDA:0,_ZSt22__uninitialized_copy_aIN9__gnu_cxx17__normal_iteratorIPKSt6vectorIiSaIiEES2_IS4_SaIS4_EEEEPS4_S4_ET0_T_SC_SB_RSaIT1_E
FNF:12
FNH:0
DA:76,0
DA:79,0
DA:82,0
DA:83,0
DA:84,0
DA:86,0
DA:88,0
DA:89,0
DA:99,0
DA:101,0
DA:115,0
DA:128,0
DA:134,0
DA:287,0
DA:289,0
LF:15
LH:0
end_of_record
SF:/usr/include/c++/7/bits/stl_vector.h
FN:81,_ZNSt12_Vector_baseIiSaIiEE12_Vector_implD2Ev
FN:81,_ZNSt12_Vector_baseISt6vectorIiSaIiEESaIS2_EE12_Vector_implD2Ev
FN:92,_ZNSt12_Vector_baseISt6vectorIiSaIiEESaIS2_EE12_Vector_implC2ERKS3_
FN:92,_ZNSt12_Vector_baseIiSaIiEE12_Vector_implC2ERKS0_
FN:115,_ZNSt12_Vector_baseIiSaIiEE19_M_get_Tp_allocatorEv
FN:115,_ZNSt12_Vector_baseISt6vectorIiSaIiEESaIS2_EE19_M_get_Tp_allocatorEv
FN:119,_ZNKSt12_Vector_baseISt6vectorIiSaIiEESaIS2_EE19_M_get_Tp_allocatorEv
FN:119,_ZNKSt12_Vector_baseIiSaIiEE19_M_get_Tp_allocatorEv
FN:129,_ZNSt12_Vector_baseISt6vectorIiSaIiEESaIS2_EEC2ERKS3_
FN:129,_ZNSt12_Vector_baseIiSaIiEEC2ERKS0_
FN:136,_ZNSt12_Vector_baseIiSaIiEEC2EmRKS0_
FN:136,_ZNSt12_Vector_baseISt6vectorIiSaIiEESaIS2_EEC2EmRKS3_
FN:161,_ZNSt12_Vector_baseISt6vectorIiSaIiEESaIS2_EED2Ev
FN:161,_ZNSt12_Vector_baseIiSaIiEED2Ev
FN:169,_ZNSt12_Vector_baseISt6vectorIiSaIiEESaIS2_EE11_M_allocateEm
FN:169,_ZNSt12_Vector_baseIiSaIiEE11_M_allocateEm
FN:176,_ZNSt12_Vector_baseIiSaIiEE13_M_deallocateEPim
FN:176,_ZNSt12_Vector_baseISt6vectorIiSaIiEESaIS2_EE13_M_deallocateEPS2_m
FN:185,_ZNSt12_Vector_baseISt6vectorIiSaIiEESaIS2_EE17_M_create_storageEm
FN:185,_ZNSt12_Vector_baseIiSaIiEE17_M_create_storageEm
FN:326,_ZNSt6vectorIS_IiSaIiEESaIS1_EEC2ERKS3_
FN:326,_ZNSt6vectorIiSaIiEEC2ERKS1_
FN:383,_ZNSt6vectorIS_IiSaIiEESaIS1_EEC2ESt16initializer_listIS1_ERKS2_
FN:383,_ZNSt6vectorIiSaIiEEC2ESt16initializer_listIiERKS0_
FN:433,_ZNSt6vectorIS_IiSaIiEESaIS1_EED2Ev
FN:433,_ZNSt6vectorIiSaIiEED2Ev
FN:572,_ZNKSt6vectorIS_IiSaIiEESaIS1_EE5beginEv
FN:572,_ZNKSt6vectorIiSaIiEE5beginEv
FN:590,_ZNKSt6vectorIS_IiSaIiEESaIS1_EE3endEv
FN:590,_ZNKSt6vectorIiSaIiEE3endEv
FN:670,_ZNKSt6vectorIiSaIiEE4sizeEv
FN:670,_ZNKSt6vectorIS_IiSaIiEESaIS1_EE4sizeEv
FN:1319,_ZNSt6vectorIiSaIiEE19_M_range_initializeIPKiEEvT_S5_St20forward_iterator_tag
FN:1319,_ZNSt6vectorIS_IiSaIiEESaIS1_EE19_M_range_initializeIPKS1_EEvT_S7_St20forward_iterator_tag
FNDA:0,_ZNSt12_Vector_baseISt6vectorIiSaIiEESaIS2_EE12_Vector_implD2Ev
FNDA:0,_ZNSt12_Vector_baseIiSaIiEE12_Vector_implD2Ev
FNDA:0,_ZNSt12_Vector_baseISt6vectorIiSaIiEESaIS2_EE12_Vector_implC2ERKS3_
FNDA:0,_ZNSt12_Vector_baseIiSaIiEE12_Vector_implC2ERKS0_
FNDA:0,_ZNSt12_Vector_baseISt6vectorIiSaIiEESaIS2_EE19_M_get_Tp_allocatorEv
FNDA:0,_ZNSt12_Vector_baseIiSaIiEE19_M_get_Tp_allocatorEv
FNDA:0,_ZNKSt12_Vector_baseIiSaIiEE19_M_get_Tp_allocatorEv
FNDA:0,_ZNKSt12_Vector_baseISt6vectorIiSaIiEESaIS2_EE19_M_get_Tp_allocatorEv
FNDA:0,_ZNSt12_Vector_baseISt6vectorIiSaIiEESaIS2_EEC2ERKS3_
FNDA:0,_ZNSt12_Vector_baseIiSaIiEEC2ERKS0_
FNDA:0,_ZNSt12_Vector_baseIiSaIiEEC2EmRKS0_
FNDA:0,_ZNSt12_Vector_baseISt6vectorIiSaIiEESaIS2_EEC2EmRKS3_
FNDA:0,_ZNSt12_Vector_baseISt6vectorIiSaIiEESaIS2_EED2Ev
FNDA:0,_ZNSt12_Vector_baseIiSaIiEED2Ev
FNDA:0,_ZNSt12_Vector_baseISt6vectorIiSaIiEESaIS2_EE11_M_allocateEm
FNDA:0,_ZNSt12_Vector_baseIiSaIiEE11_M_allocateEm
FNDA:0,_ZNSt12_Vector_baseISt6vectorIiSaIiEESaIS2_EE13_M_deallocateEPS2_m
FNDA:0,_ZNSt12_Vector_baseIiSaIiEE13_M_deallocateEPim
FNDA:0,_ZNSt12_Vector_baseIiSaIiEE17_M_create_storageEm
FNDA:0,_ZNSt12_Vector_baseISt6vectorIiSaIiEESaIS2_EE17_M_create_storageEm
FNDA:0,_ZNSt6vectorIiSaIiEEC2ERKS1_
FNDA:0,_ZNSt6vectorIS_IiSaIiEESaIS1_EEC2ERKS3_
FNDA:0,_ZNSt6vectorIS_IiSaIiEESaIS1_EEC2ESt16initializer_listIS1_ERKS2_
FNDA:0,_ZNSt6vectorIiSaIiEEC2ESt16initializer_listIiERKS0_
FNDA:0,_ZNSt6vectorIS_IiSaIiEESaIS1_EED2Ev
FNDA:0,_ZNSt6vectorIiSaIiEED2Ev
FNDA:0,_ZNKSt6vectorIiSaIiEE5beginEv
FNDA:0,_ZNKSt6vectorIS_IiSaIiEESaIS1_EE5beginEv
FNDA:0,_ZNKSt6vectorIiSaIiEE3endEv
FNDA:0,_ZNKSt6vectorIS_IiSaIiEESaIS1_EE3endEv
FNDA:0,_ZNKSt6vectorIiSaIiEE4sizeEv
FNDA:0,_ZNKSt6vectorIS_IiSaIiEESaIS1_EE4sizeEv
FNDA:0,_ZNSt6vectorIS_IiSaIiEESaIS1_EE19_M_range_initializeIPKS1_EEvT_S7_St20forward_iterator_tag
FNDA:0,_ZNSt6vectorIiSaIiEE19_M_range_initializeIPKiEEvT_S5_St20forward_iterator_tag
FNF:34
FNH:0
DA:81,0
DA:92,0
DA:93,0
DA:94,0
DA:115,0
DA:116,0
DA:119,0
DA:120,0
DA:129,0
DA:130,0
DA:136,0
DA:137,0
DA:138,0
DA:161,0
DA:162,0
DA:163,0
DA:169,0
DA:172,0
DA:176,0
DA:179,0
DA:180,0
DA:181,0
DA:185,0
DA:187,0
DA:188,0
DA:189,0
DA:190,0
DA:326,0
DA:328,0
DA:330,0
DA:331,0
DA:333,0
DA:334,0
DA:383,0
DA:385,0
DA:387,0
DA:389,0
DA:433,0
DA:434,0
DA:435,0
DA:572,0
DA:573,0
DA:590,0
DA:591,0
DA:670,0
DA:671,0
DA:1319,0
DA:1322,0
DA:1323,0
DA:1324,0
DA:1325,0
DA:1326,0
DA:1328,0
DA:1329,0
LF:54
LH:0
end_of_record
SF:/usr/include/c++/7/ext/alloc_traits.h
FN:94,_ZN9__gnu_cxx14__alloc_traitsISaIiEE17_S_select_on_copyERKS1_
FN:94,_ZN9__gnu_cxx14__alloc_traitsISaISt6vectorIiSaIiEEEE17_S_select_on_copyERKS4_
FNDA:0,_ZN9__gnu_cxx14__alloc_traitsISaIiEE17_S_select_on_copyERKS1_
FNDA:0,_ZN9__gnu_cxx14__alloc_traitsISaISt6vectorIiSaIiEEEE17_S_select_on_copyERKS4_
FNF:2
FNH:0
DA:94,0
DA:95,0
LF:2
LH:0
end_of_record
SF:/usr/include/c++/7/ext/new_allocator.h
FN:79,_ZN9__gnu_cxx13new_allocatorIiEC2Ev
FN:79,_ZN9__gnu_cxx13new_allocatorISt6vectorIiSaIiEEEC2Ev
FN:81,_ZN9__gnu_cxx13new_allocatorIiEC2ERKS1_
FN:81,_ZN9__gnu_cxx13new_allocatorISt6vectorIiSaIiEEEC2ERKS4_
FN:86,_ZN9__gnu_cxx13new_allocatorISt6vectorIiSaIiEEED2Ev
FN:86,_ZN9__gnu_cxx13new_allocatorIiED2Ev
FN:99,_ZN9__gnu_cxx13new_allocatorIiE8allocateEmPKv
FN:99,_ZN9__gnu_cxx13new_allocatorISt6vectorIiSaIiEEE8allocateEmPKv
FN:116,_ZN9__gnu_cxx13new_allocatorISt6vectorIiSaIiEEE10deallocateEPS3_m
FN:116,_ZN9__gnu_cxx13new_allocatorIiE10deallocateEPim
FN:129,_ZNK9__gnu_cxx13new_allocatorISt6vectorIiSaIiEEE8max_sizeEv
FN:129,_ZNK9__gnu_cxx13new_allocatorIiE8max_sizeEv
FNDA:0,_ZN9__gnu_cxx13new_allocatorISt6vectorIiSaIiEEEC2Ev
FNDA:0,_ZN9__gnu_cxx13new_allocatorIiEC2Ev
FNDA:0,_ZN9__gnu_cxx13new_allocatorIiEC2ERKS1_
FNDA:0,_ZN9__gnu_cxx13new_allocatorISt6vectorIiSaIiEEEC2ERKS4_
FNDA:0,_ZN9__gnu_cxx13new_allocatorISt6vectorIiSaIiEEED2Ev
FNDA:0,_ZN9__gnu_cxx13new_allocatorIiED2Ev
FNDA:0,_ZN9__gnu_cxx13new_allocatorISt6vectorIiSaIiEEE8allocateEmPKv
FNDA:0,_ZN9__gnu_cxx13new_allocatorIiE8allocateEmPKv
FNDA:0,_ZN9__gnu_cxx13new_allocatorISt6vectorIiSaIiEEE10deallocateEPS3_m
FNDA:0,_ZN9__gnu_cxx13new_allocatorIiE10deallocateEPim
FNDA:0,_ZNK9__gnu_cxx13new_allocatorISt6vectorIiSaIiEEE8max_sizeEv
FNDA:0,_ZNK9__gnu_cxx13new_allocatorIiE8max_sizeEv
FNF:12
FNH:0
DA:79,0
DA:81,0
DA:86,0
DA:99,0
DA:101,0
DA:102,0
DA:111,0
DA:116,0
DA:125,0
DA:126,0
DA:129,0
DA:130,0
LF:12
LH:0
end_of_record
SF:/usr/include/c++/7/initializer_list
FN:71,_ZNKSt16initializer_listISt6vectorIiSaIiEEE4sizeEv
FN:71,_ZNKSt16initializer_listIiE4sizeEv
FN:75,_ZNKSt16initializer_listISt6vectorIiSaIiEEE5beginEv
FN:75,_ZNKSt16initializer_listIiE5beginEv
FN:79,_ZNKSt16initializer_listIiE3endEv
FN:79,_ZNKSt16initializer_listISt6vectorIiSaIiEEE3endEv
FNDA:0,_ZNKSt16initializer_listISt6vectorIiSaIiEEE4sizeEv
FNDA:0,_ZNKSt16initializer_listIiE4sizeEv
FNDA:0,_ZNKSt16initializer_listISt6vectorIiSaIiEEE5beginEv
FNDA:0,_ZNKSt16initializer_listIiE5beginEv
FNDA:0,_ZNKSt16initializer_listISt6vectorIiSaIiEEE3endEv
FNDA:0,_ZNKSt16initializer_listIiE3endEv
FNF:6
FNH:0
DA:71,0
DA:75,0
DA:79,0
LF:3
LH:0
end_of_record
SF:/usr/include/c++/7/iostream
DA:74,17
LF:1
LH:1
end_of_record
SF:/usr/include/c++/7/new
FN:168,_ZnwmPv
FN:174,_ZdlPvS_
FNDA:0,_ZnwmPv
FNDA:0,_ZdlPvS_
FNF:2
FNH:0
DA:168,0
DA:169,0
DA:174,0
LF:3
LH:0
end_of_record
TN:
SF:/home/mdemaria/tpi/codigoTPI_test++/muestraHomogeneaTEST.cpp
FN:11,_ZN37muestraHomogeneaTEST_sinSolucion_TestD0Ev
FN:11,_ZN37muestraHomogeneaTEST_sinSolucion_Test8TestBodyEv
FN:11,_ZN37muestraHomogeneaTEST_sinSolucion_TestC2Ev
FN:11,_ZN37muestraHomogeneaTEST_sinSolucion_TestD2Ev
FN:48,_ZN43muestraHomogeneaTEST_variasDe3UnaLarga_Test8TestBodyEv
FN:48,_ZN43muestraHomogeneaTEST_variasDe3UnaLarga_TestD2Ev
FN:48,_ZN43muestraHomogeneaTEST_variasDe3UnaLarga_TestC2Ev
FN:48,_ZN43muestraHomogeneaTEST_variasDe3UnaLarga_TestD0Ev
FN:103,_ZN42muestraHomogeneaTEST_dosSolucionesDe3_TestD0Ev
FN:103,_ZN42muestraHomogeneaTEST_dosSolucionesDe3_TestC2Ev
FN:103,_ZN42muestraHomogeneaTEST_dosSolucionesDe3_TestD2Ev
FN:103,_ZN42muestraHomogeneaTEST_dosSolucionesDe3_Test8TestBodyEv
FN:148,_ZN45muestraHomogeneaTEST_sinSueldoReportados_TestD2Ev
FN:148,_ZN45muestraHomogeneaTEST_sinSueldoReportados_Test8TestBodyEv
FN:148,_ZN45muestraHomogeneaTEST_sinSueldoReportados_TestD0Ev
FN:148,_ZN45muestraHomogeneaTEST_sinSueldoReportados_TestC2Ev
FN:171,_Z41__static_initialization_and_destruction_0ii
FN:171,_GLOBAL__sub_I__ZN37muestraHomogeneaTEST_sinSolucion_Test10test_info_E
FNDA:16,_ZN37muestraHomogeneaTEST_sinSolucion_TestD0Ev
FNDA:16,_ZN37muestraHomogeneaTEST_sinSolucion_TestD2Ev
FNDA:16,_ZN37muestraHomogeneaTEST_sinSolucion_Test8TestBodyEv
FNDA:16,_ZN37muestraHomogeneaTEST_sinSolucion_TestC2Ev
FNDA:16,_ZN43muestraHomogeneaTEST_variasDe3UnaLarga_TestD0Ev
FNDA:16,_ZN43muestraHomogeneaTEST_variasDe3UnaLarga_TestD2Ev
FNDA:16,_ZN43muestraHomogeneaTEST_variasDe3UnaLarga_Test8TestBodyEv
FNDA:16,_ZN43muestraHomogeneaTEST_variasDe3UnaLarga_TestC2Ev
FNDA:16,_ZN42muestraHomogeneaTEST_dosSolucionesDe3_TestD0Ev
FNDA:16,_ZN42muestraHomogeneaTEST_dosSolucionesDe3_TestD2Ev
FNDA:16,_ZN42muestraHomogeneaTEST_dosSolucionesDe3_Test8TestBodyEv
FNDA:16,_ZN42muestraHomogeneaTEST_dosSolucionesDe3_TestC2Ev
FNDA:16,_ZN45muestraHomogeneaTEST_sinSueldoReportados_TestD0Ev
FNDA:16,_ZN45muestraHomogeneaTEST_sinSueldoReportados_TestD2Ev
FNDA:16,_ZN45muestraHomogeneaTEST_sinSueldoReportados_Test8TestBodyEv
FNDA:16,_ZN45muestraHomogeneaTEST_sinSueldoReportados_TestC2Ev
FNDA:17,_GLOBAL__sub_I__ZN37muestraHomogeneaTEST_sinSolucion_Test10test_info_E
FNDA:17,_Z41__static_initialization_and_destruction_0ii
FNF:18
FNH:18
DA:11,81
DA:12,32
DA:25,32
DA:43,32
DA:44,16
DA:45,16
DA:48,81
DA:59,32
DA:76,32
DA:98,32
DA:99,16
DA:100,16
DA:103,81
DA:106,32
DA:110,32
DA:124,32
DA:142,32
DA:143,32
DA:144,16
DA:145,16
DA:146,16
DA:148,81
DA:149,32
DA:157,32
DA:168,32
DA:169,16
DA:170,16
DA:171,67
LF:28
LH:28
end_of_record
SF:/home/mdemaria/tpi/lib/googletest-master/googletest/include/gtest/gtest-message.h
FN:85,_ZN7testing7MessageD2Ev
FNDA:0,_ZN7testing7MessageD2Ev
FNF:1
FNH:0
DA:85,0
LF:1
LH:0
end_of_record
SF:/home/mdemaria/tpi/lib/googletest-master/googletest/include/gtest/gtest-printers.h
FN:258,_ZN16testing_internal26DefaultPrintNonContainerToIiEEvRKT_PSo
FN:311,_ZN7testing8internal19FormatForComparisonISt6vectorIS2_IiSaIiEESaIS4_EES6_E6FormatB5cxx11ERKS6_
FN:311,_ZN7testing8internal19FormatForComparisonIbbE6FormatB5cxx11ERKb
FN:385,_ZN7testing8internal33FormatForComparisonFailureMessageIbbEENSt7__cxx1112basic_stringIcSt11char_traitsIcESaIcEEERKT_RKT0_
FN:385,_ZN7testing8internal33FormatForComparisonFailureMessageISt6vectorIS2_IiSaIiEESaIS4_EES6_EENSt7__cxx1112basic_stringIcSt11char_traitsIcESaIcEEERKT_RKT0_
FN:414,_ZN7testing8internal14DefaultPrintToISt6vectorIS2_IiSaIiEESaIS4_EEEEvNS0_15WrapPrinterTypeILNS0_18DefaultPrinterTypeE0EEERKT_PSo
FN:414,_ZN7testing8internal14DefaultPrintToISt6vectorIiSaIiEEEEvNS0_15WrapPrinterTypeILNS0_18DefaultPrinterTypeE0EEERKT_PSo
FN:474,_ZN7testing8internal14DefaultPrintToIiEEvNS0_15WrapPrinterTypeILNS0_18DefaultPrinterTypeE3EEERKT_PSo
FN:491,_ZN7testing8internal7PrintToIiEEvRKT_PSo
FN:491,_ZN7testing8internal7PrintToISt6vectorIiSaIiEEEEvRKT_PSo
FN:491,_ZN7testing8internal7PrintToISt6vectorIS2_IiSaIiEESaIS4_EEEEvRKT_PSo
FN:543,_ZN7testing8internal7PrintToEbPSo
FN:753,_ZN7testing8internal16UniversalPrinterIiE5PrintERKiPSo
FN:753,_ZN7testing8internal16UniversalPrinterISt6vectorIiSaIiEEE5PrintERKS4_PSo
FN:753,_ZN7testing8internal16UniversalPrinterIbE5PrintERKbPSo
FN:753,_ZN7testing8internal16UniversalPrinterISt6vectorIS2_IiSaIiEESaIS4_EEE5PrintERKS6_PSo
FN:858,_ZN7testing8internal21UniversalTersePrinterISt6vectorIS2_IiSaIiEESaIS4_EEE5PrintERKS6_PSo
FN:858,_ZN7testing8internal21UniversalTersePrinterIbE5PrintERKbPSo
FN:927,_ZN7testing8internal14UniversalPrintIbEEvRKT_PSo
FN:927,_ZN7testing8internal14UniversalPrintISt6vectorIiSaIiEEEEvRKT_PSo
FN:927,_ZN7testing8internal14UniversalPrintISt6vectorIS2_IiSaIiEESaIS4_EEEEvRKT_PSo
FN:927,_ZN7testing8internal14UniversalPrintIiEEvRKT_PSo
FN:1065,_ZN7testing13PrintToStringIbEENSt7__cxx1112basic_stringIcSt11char_traitsIcESaIcEEERKT_
FN:1065,_ZN7testing13PrintToStringISt6vectorIS1_IiSaIiEESaIS3_EEEENSt7__cxx1112basic_stringIcSt11char_traitsIcESaIcEEERKT_
FNDA:0,_ZN16testing_internal26DefaultPrintNonContainerToIiEEvRKT_PSo
FNDA:0,_ZN7testing8internal19FormatForComparisonIbbE6FormatB5cxx11ERKb
FNDA:0,_ZN7testing8internal19FormatForComparisonISt6vectorIS2_IiSaIiEESaIS4_EES6_E6FormatB5cxx11ERKS6_
FNDA:0,_ZN7testing8internal33FormatForComparisonFailureMessageIbbEENSt7__cxx1112basic_stringIcSt11char_traitsIcESaIcEEERKT_RKT0_
FNDA:0,_ZN7testing8internal33FormatForComparisonFailureMessageISt6vectorIS2_IiSaIiEESaIS4_EES6_EENSt7__cxx1112basic_stringIcSt11char_traitsIcESaIcEEERKT_RKT0_
FNDA:0,_ZN7testing8internal14DefaultPrintToISt6vectorIiSaIiEEEEvNS0_15WrapPrinterTypeILNS0_18DefaultPrinterTypeE0EEERKT_PSo
FNDA:0,_ZN7testing8internal14DefaultPrintToISt6vectorIS2_IiSaIiEESaIS4_EEEEvNS0_15WrapPrinterTypeILNS0_18DefaultPrinterTypeE0EEERKT_PSo
FNDA:0,_ZN7testing8internal14DefaultPrintToIiEEvNS0_15WrapPrinterTypeILNS0_18DefaultPrinterTypeE3EEERKT_PSo
FNDA:0,_ZN7testing8internal7PrintToIiEEvRKT_PSo
FNDA:0,_ZN7testing8internal7PrintToISt6vectorIiSaIiEEEEvRKT_PSo
FNDA:0,_ZN7testing8internal7PrintToISt6vectorIS2_IiSaIiEESaIS4_EEEEvRKT_PSo
FNDA:0,_ZN7testing8internal7PrintToEbPSo
FNDA:0,_ZN7testing8internal16UniversalPrinterIiE5PrintERKiPSo
FNDA:0,_ZN7testing8internal16UniversalPrinterISt6vectorIiSaIiEEE5PrintERKS4_PSo
FNDA:0,_ZN7testing8internal16UniversalPrinterIbE5PrintERKbPSo
FNDA:0,_ZN7testing8internal16UniversalPrinterISt6vectorIS2_IiSaIiEESaIS4_EEE5PrintERKS6_PSo
FNDA:0,_ZN7testing8internal21UniversalTersePrinterIbE5PrintERKbPSo
FNDA:0,_ZN7testing8internal21UniversalTersePrinterISt6vectorIS2_IiSaIiEESaIS4_EEE5PrintERKS6_PSo
FNDA:0,_ZN7testing8internal14UniversalPrintIiEEvRKT_PSo
FNDA:0,_ZN7testing8internal14UniversalPrintISt6vectorIiSaIiEEEEvRKT_PSo
FNDA:0,_ZN7testing8internal14UniversalPrintIbEEvRKT_PSo
FNDA:0,_ZN7testing8internal14UniversalPrintISt6vectorIS2_IiSaIiEESaIS4_EEEEvRKT_PSo
FNDA:0,_ZN7testing13PrintToStringIbEENSt7__cxx1112basic_stringIcSt11char_traitsIcESaIcEEERKT_
FNDA:0,_ZN7testing13PrintToStringISt6vectorIS1_IiSaIiEESaIS3_EEEENSt7__cxx1112basic_stringIcSt11char_traitsIcESaIcEEERKT_
FNF:24
FNH:0
DA:258,0
DA:285,0
DA:286,0
DA:311,0
DA:312,0
DA:385,0
DA:387,0
DA:414,0
DA:416,0
DA:417,0
DA:418,0
DA:419,0
DA:420,0
DA:421,0
DA:422,0
DA:423,0
DA:424,0
DA:425,0
DA:428,0
DA:431,0
DA:434,0
DA:435,0
DA:437,0
DA:438,0
DA:474,0
DA:476,0
DA:477,0
DA:491,0
DA:511,0
DA:526,0
DA:543,0
DA:544,0
DA:545,0
DA:753,0
DA:762,0
DA:763,0
DA:858,0
DA:859,0
DA:860,0
DA:927,0
DA:931,0
DA:932,0
DA:1065,0
DA:1066,0
DA:1067,0
DA:1068,0
LF:46
LH:0
end_of_record
SF:/home/mdemaria/tpi/lib/googletest-master/googletest/include/gtest/gtest.h
FN:268,_ZN7testing15AssertionResultD2Ev
FN:304,_ZNK7testing15AssertionResultcvbEv
FN:313,_ZNK7testing15AssertionResult7messageEv
FN:318,_ZNK7testing15AssertionResult15failure_messageEv
FN:414,_ZN7testing4Test13SetUpTestCaseEv
FN:422,_ZN7testing4Test16TearDownTestCaseEv
FN:499,_ZN7testing4Test5SetupEv
FN:1414,_ZN7testing8internal18CmpHelperEQFailureISt6vectorIS2_IiSaIiEESaIS4_EES6_EENS_15AssertionResultEPKcS9_RKT_RKT0_
FN:1414,_ZN7testing8internal18CmpHelperEQFailureIbbEENS_15AssertionResultEPKcS4_RKT_RKT0_
FN:1426,_ZN7testing8internal11CmpHelperEQIbbEENS_15AssertionResultEPKcS4_RKT_RKT0_
FN:1426,_ZN7testing8internal11CmpHelperEQISt6vectorIS2_IiSaIiEESaIS4_EES6_EENS_15AssertionResultEPKcS9_RKT_RKT0_
FN:1454,_ZN7testing8internal8EqHelperILb0EE7CompareIbbEENS_15AssertionResultEPKcS6_RKT_RKT0_
FN:1454,_ZN7testing8internal8EqHelperILb0EE7CompareISt6vectorIS4_IiSaIiEESaIS6_EES8_EENS_15AssertionResultEPKcSB_RKT_RKT0_
FNDA:0,_ZN7testing15AssertionResultD2Ev
FNDA:0,_ZNK7testing15AssertionResultcvbEv
FNDA:0,_ZNK7testing15AssertionResult7messageEv
FNDA:0,_ZNK7testing15AssertionResult15failure_messageEv
FNDA:0,_ZN7testing4Test13SetUpTestCaseEv
FNDA:0,_ZN7testing4Test16TearDownTestCaseEv
FNDA:0,_ZN7testing4Test5SetupEv
FNDA:0,_ZN7testing8internal18CmpHelperEQFailureIbbEENS_15AssertionResultEPKcS4_RKT_RKT0_
FNDA:0,_ZN7testing8internal18CmpHelperEQFailureISt6vectorIS2_IiSaIiEESaIS4_EES6_EENS_15AssertionResultEPKcS9_RKT_RKT0_
FNDA:0,_ZN7testing8internal11CmpHelperEQIbbEENS_15AssertionResultEPKcS4_RKT_RKT0_
FNDA:0,_ZN7testing8internal11CmpHelperEQISt6vectorIS2_IiSaIiEESaIS4_EES6_EENS_15AssertionResultEPKcS9_RKT_RKT0_
FNDA:0,_ZN7testing8internal8EqHelperILb0EE7CompareIbbEENS_15AssertionResultEPKcS6_RKT_RKT0_
FNDA:0,_ZN7testing8internal8EqHelperILb0EE7CompareISt6vectorIS4_IiSaIiEESaIS6_EES8_EENS_15AssertionResultEPKcSB_RKT_RKT0_
FNF:13
FNH:0
DA:268,0
DA:304,0
DA:313,0
DA:314,0
DA:318,0
DA:414,0
DA:422,0
DA:499,0
DA:1414,0
DA:1421,0
DA:1426,0
DA:1430,0
DA:1431,0
DA:1434,0
DA:1454,0
DA:1458,0
LF:16
LH:0
end_of_record
SF:/home/mdemaria/tpi/lib/googletest-master/googletest/include/gtest/internal/gtest-internal.h
FN:448,_ZN7testing8internal15TestFactoryBaseD2Ev
FN:448,_ZN7testing8internal15TestFactoryBaseD0Ev
FN:455,_ZN7testing8internal15TestFactoryBaseC2Ev
FN:464,_ZN7testing8internal15TestFactoryImplI43muestraHomogeneaTEST_variasDe3UnaLarga_TestEC2Ev
FN:464,_ZN7testing8internal15TestFactoryImplI37muestraHomogeneaTEST_sinSolucion_TestED0Ev
FN:464,_ZN7testing8internal15TestFactoryImplI42muestraHomogeneaTEST_dosSolucionesDe3_TestED2Ev
FN:464,_ZN7testing8internal15TestFactoryImplI45muestraHomogeneaTEST_sinSueldoReportados_TestED2Ev
FN:464,_ZN7testing8internal15TestFactoryImplI42muestraHomogeneaTEST_dosSolucionesDe3_TestED0Ev
FN:464,_ZN7testing8internal15TestFactoryImplI42muestraHomogeneaTEST_dosSolucionesDe3_TestEC2Ev
FN:464,_ZN7testing8internal15TestFactoryImplI43muestraHomogeneaTEST_variasDe3UnaLarga_TestED2Ev
FN:464,_ZN7testing8internal15TestFactoryImplI37muestraHomogeneaTEST_sinSolucion_TestED2Ev
FN:464,_ZN7testing8internal15TestFactoryImplI45muestraHomogeneaTEST_sinSueldoReportados_TestED0Ev
FN:464,_ZN7testing8internal15TestFactoryImplI43muestraHomogeneaTEST_variasDe3UnaLarga_TestED0Ev
FN:464,_ZN7testing8internal15TestFactoryImplI45muestraHomogeneaTEST_sinSueldoReportados_TestEC2Ev
FN:464,_ZN7testing8internal15TestFactoryImplI37muestraHomogeneaTEST_sinSolucion_TestEC2Ev
FN:466,_ZN7testing8internal15TestFactoryImplI43muestraHomogeneaTEST_variasDe3UnaLarga_TestE10CreateTestEv
FN:466,_ZN7testing8internal15TestFactoryImplI45muestraHomogeneaTEST_sinSueldoReportados_TestE10CreateTestEv
FN:466,_ZN7testing8internal15TestFactoryImplI42muestraHomogeneaTEST_dosSolucionesDe3_TestE10CreateTestEv
FN:466,_ZN7testing8internal15TestFactoryImplI37muestraHomogeneaTEST_sinSolucion_TestE10CreateTestEv
FN:486,_ZN7testing8internal12CodeLocationD2Ev
FN:487,_ZN7testing8internal12CodeLocationC2ERKNSt7__cxx1112basic_stringIcSt11char_traitsIcESaIcEEEi
FNDA:0,_ZN7testing8internal15TestFactoryBaseD0Ev
FNDA:0,_ZN7testing8internal15TestFactoryBaseD2Ev
FNDA:0,_ZN7testing8internal15TestFactoryBaseC2Ev
FNDA:17,_ZN7testing8internal15TestFactoryImplI37muestraHomogeneaTEST_sinSolucion_TestED0Ev
FNDA:17,_ZN7testing8internal15TestFactoryImplI37muestraHomogeneaTEST_sinSolucion_TestED2Ev
FNDA:17,_ZN7testing8internal15TestFactoryImplI43muestraHomogeneaTEST_variasDe3UnaLarga_TestED0Ev
FNDA:17,_ZN7testing8internal15TestFactoryImplI43muestraHomogeneaTEST_variasDe3UnaLarga_TestED2Ev
FNDA:17,_ZN7testing8internal15TestFactoryImplI42muestraHomogeneaTEST_dosSolucionesDe3_TestED0Ev
FNDA:17,_ZN7testing8internal15TestFactoryImplI42muestraHomogeneaTEST_dosSolucionesDe3_TestED2Ev
FNDA:17,_ZN7testing8internal15TestFactoryImplI45muestraHomogeneaTEST_sinSueldoReportados_TestED0Ev
FNDA:17,_ZN7testing8internal15TestFactoryImplI45muestraHomogeneaTEST_sinSueldoReportados_TestED2Ev
FNDA:17,_ZN7testing8internal15TestFactoryImplI45muestraHomogeneaTEST_sinSueldoReportados_TestEC2Ev
FNDA:17,_ZN7testing8internal15TestFactoryImplI42muestraHomogeneaTEST_dosSolucionesDe3_TestEC2Ev
FNDA:17,_ZN7testing8internal15TestFactoryImplI43muestraHomogeneaTEST_variasDe3UnaLarga_TestEC2Ev
FNDA:17,_ZN7testing8internal15TestFactoryImplI37muestraHomogeneaTEST_sinSolucion_TestEC2Ev
FNDA:16,_ZN7testing8internal15TestFactoryImplI37muestraHomogeneaTEST_sinSolucion_TestE10CreateTestEv
FNDA:16,_ZN7testing8internal15TestFactoryImplI43muestraHomogeneaTEST_variasDe3UnaLarga_TestE10CreateTestEv
FNDA:16,_ZN7testing8internal15TestFactoryImplI42muestraHomogeneaTEST_dosSolucionesDe3_TestE10CreateTestEv
FNDA:16,_ZN7testing8internal15TestFactoryImplI45muestraHomogeneaTEST_sinSueldoReportados_TestE10CreateTestEv
FNDA:0,_ZN7testing8internal12CodeLocationD2Ev
FNDA:0,_ZN7testing8internal12CodeLocationC2ERKNSt7__cxx1112basic_stringIcSt11char_traitsIcESaIcEEEi
FNF:21
FNH:16
DA:448,0
DA:455,0
DA:464,204
DA:466,64
DA:486,0
DA:487,0
DA:488,0
LF:7
LH:2
end_of_record
SF:/home/mdemaria/tpi/lib/googletest-master/googletest/include/gtest/internal/gtest-port.h
FN:1185,_ZN7testing8internal10scoped_ptrINSt7__cxx1112basic_stringIcSt11char_traitsIcESaIcEEEED2Ev
FN:1185,_ZN7testing8internal10scoped_ptrINSt7__cxx1118basic_stringstreamIcSt11char_traitsIcESaIcEEEED2Ev
FN:1188,_ZNK7testing8internal10scoped_ptrINSt7__cxx1112basic_stringIcSt11char_traitsIcESaIcEEEEptEv
FN:1189,_ZNK7testing8internal10scoped_ptrINSt7__cxx1112basic_stringIcSt11char_traitsIcESaIcEEEE3getEv
FN:1197,_ZN7testing8internal10scoped_ptrINSt7__cxx1118basic_stringstreamIcSt11char_traitsIcESaIcEEEE5resetEPS7_
FN:1197,_ZN7testing8internal10scoped_ptrINSt7__cxx1112basic_stringIcSt11char_traitsIcESaIcEEEE5resetEPS7_
FNDA:0,_ZN7testing8internal10scoped_ptrINSt7__cxx1112basic_stringIcSt11char_traitsIcESaIcEEEED2Ev
FNDA:0,_ZN7testing8internal10scoped_ptrINSt7__cxx1118basic_stringstreamIcSt11char_traitsIcESaIcEEEED2Ev
FNDA:0,_ZNK7testing8internal10scoped_ptrINSt7__cxx1112basic_stringIcSt11char_traitsIcESaIcEEEEptEv
FNDA:0,_ZNK7testing8internal10scoped_ptrINSt7__cxx1112basic_stringIcSt11char_traitsIcESaIcEEEE3getEv
FNDA:0,_ZN7testing8internal10scoped_ptrINSt7__cxx1118basic_stringstreamIcSt11char_traitsIcESaIcEEEE5resetEPS7_
FNDA:0,_ZN7testing8internal10scoped_ptrINSt7__cxx1112basic_stringIcSt11char_traitsIcESaIcEEEE5resetEPS7_
FNF:6
FNH:0
DA:1185,0
DA:1188,0
DA:1189,0
DA:1197,0
DA:1198,0
DA:1199,0
DA:1200,0
DA:1202,0
DA:1204,0
LF:9
LH:0
end_of_record
SF:/usr/include/c++/7/bits/alloc_traits.h
FN:435,_ZNSt16allocator_traitsISaISt6vectorIiSaIiEEEE8allocateERS3_m
FN:435,_ZNSt16allocator_traitsISaIiEE8allocateERS0_m
FN:461,_ZNSt16allocator_traitsISaISt6vectorIiSaIiEEEE10deallocateERS3_PS2_m
FN:461,_ZNSt16allocator_traitsISaIiEE10deallocateERS0_Pim
FN:504,_ZNSt16allocator_traitsISaISt6vectorIiSaIiEEEE37select_on_container_copy_constructionERKS3_
FN:504,_ZNSt16allocator_traitsISaIiEE37select_on_container_copy_constructionERKS0_
FNDA:0,_ZNSt16allocator_traitsISaISt6vectorIiSaIiEEEE8allocateERS3_m
FNDA:0,_ZNSt16allocator_traitsISaIiEE8allocateERS0_m
FNDA:0,_ZNSt16allocator_traitsISaIiEE10deallocateERS0_Pim
FNDA:0,_ZNSt16allocator_traitsISaISt6vectorIiSaIiEEEE10deallocateERS3_PS2_m
FNDA:0,_ZNSt16allocator_traitsISaIiEE37select_on_container_copy_constructionERKS0_
FNDA:0,_ZNSt16allocator_traitsISaISt6vectorIiSaIiEEEE37select_on_container_copy_constructionERKS3_
FNF:6
FNH:0
DA:435,0
DA:436,0
DA:461,0
DA:462,0
DA:504,0
DA:505,0
LF:6
LH:0
end_of_record
SF:/usr/include/c++/7/bits/allocator.h
FN:131,_ZNSaISt6vectorIiSaIiEEEC2Ev
FN:131,_ZNSaIiEC2Ev
FN:133,_ZNSaIiEC2ERKS_
FN:133,_ZNSaISt6vectorIiSaIiEEEC2ERKS2_
FN:139,_ZNSaIiED2Ev
FN:139,_ZNSaISt6vectorIiSaIiEEED2Ev
FNDA:0,_ZNSaISt6vectorIiSaIiEEEC2Ev
FNDA:0,_ZNSaIiEC2Ev
FNDA:0,_ZNSaIiEC2ERKS_
FNDA:0,_ZNSaISt6vectorIiSaIiEEEC2ERKS2_
FNDA:0,_ZNSaISt6vectorIiSaIiEEED2Ev
FNDA:0,_ZNSaIiED2Ev
FNF:6
FNH:0
DA:131,0
DA:133,0
DA:134,0
DA:139,0
LF:4
LH:0
end_of_record
SF:/usr/include/c++/7/bits/cpp_type_traits.h
FN:408,_ZSt12__miter_baseIN9__gnu_cxx17__normal_iteratorIPKiSt6vectorIiSaIiEEEEET_S8_
FN:408,_ZSt12__miter_baseIPKiET_S2_
FNDA:0,_ZSt12__miter_baseIN9__gnu_cxx17__normal_iteratorIPKiSt6vectorIiSaIiEEEEET_S8_
FNDA:0,_ZSt12__miter_baseIPKiET_S2_
FNF:2
FNH:0
DA:408,0
DA:409,0
LF:2
LH:0
end_of_record
SF:/usr/include/c++/7/bits/ios_base.h
FN:129,_ZStorSt13_Ios_OpenmodeS_
FNDA:0,_ZStorSt13_Ios_OpenmodeS_
FNF:1
FNH:0
DA:129,0
DA:130,0
LF:2
LH:0
end_of_record
SF:/usr/include/c++/7/bits/move.h
FN:47,_ZSt11__addressofISt6vectorIiSaIiEEEPT_RS3_
FN:73,_ZSt7forwardIRKSt6vectorIiSaIiEEEOT_RNSt16remove_referenceIS5_E4typeE
FNDA:0,_ZSt11__addressofISt6vectorIiSaIiEEEPT_RS3_
FNDA:0,_ZSt7forwardIRKSt6vectorIiSaIiEEEOT_RNSt16remove_referenceIS5_E4typeE
FNF:2
FNH:0
DA:47,0
DA:48,0
DA:73,0
DA:74,0
LF:4
LH:0
end_of_record
SF:/usr/include/c++/7/bits/stl_algobase.h
FN:277,_ZSt12__niter_baseIPKiET_S2_
FN:277,_ZSt12__niter_baseIPiET_S1_
FN:357,_ZNSt11__copy_moveILb0ELb1ESt26random_access_iterator_tagE8__copy_mIiEEPT_PKS3_S6_S4_
FN:375,_ZSt13__copy_move_aILb0EPKiPiET1_T0_S4_S3_
FN:420,_ZSt14__copy_move_a2ILb0EN9__gnu_cxx17__normal_iteratorIPKiSt6vectorIiSaIiEEEEPiET1_T0_SA_S9_
FN:420,_ZSt14__copy_move_a2ILb0EPKiPiET1_T0_S4_S3_
FN:446,_ZSt4copyIPKiPiET0_T_S4_S3_
FN:446,_ZSt4copyIN9__gnu_cxx17__normal_iteratorIPKiSt6vectorIiSaIiEEEEPiET0_T_SA_S9_
FN:797,_ZNSt7__equalILb0EE5equalIPKSt6vectorIiSaIiEES6_EEbT_S7_T0_
FN:811,_ZNSt7__equalILb1EE5equalIiEEbPKT_S4_S4_
FN:821,_ZSt11__equal_auxIPKiS1_EbT_S2_T0_
FN:821,_ZSt11__equal_auxIPKSt6vectorIiSaIiEES4_EbT_S5_T0_
FN:1041,_ZSt5equalIN9__gnu_cxx17__normal_iteratorIPKiSt6vectorIiSaIiEEEES7_EbT_S8_T0_
FN:1041,_ZSt5equalIN9__gnu_cxx17__normal_iteratorIPKSt6vectorIiSaIiEES2_IS4_SaIS4_EEEES9_EbT_SA_T0_
FNDA:0,_ZSt12__niter_baseIPiET_S1_
FNDA:0,_ZSt12__niter_baseIPKiET_S2_
FNDA:0,_ZNSt11__copy_moveILb0ELb1ESt26random_access_iterator_tagE8__copy_mIiEEPT_PKS3_S6_S4_
FNDA:0,_ZSt13__copy_move_aILb0EPKiPiET1_T0_S4_S3_
FNDA:0,_ZSt14__copy_move_a2ILb0EN9__gnu_cxx17__normal_iteratorIPKiSt6vectorIiSaIiEEEEPiET1_T0_SA_S9_
FNDA:0,_ZSt14__copy_move_a2ILb0EPKiPiET1_T0_S4_S3_
FNDA:0,_ZSt4copyIN9__gnu_cxx17__normal_iteratorIPKiSt6vectorIiSaIiEEEEPiET0_T_SA_S9_
FNDA:0,_ZSt4copyIPKiPiET0_T_S4_S3_
FNDA:0,_ZNSt7__equalILb0EE5equalIPKSt6vectorIiSaIiEES6_EEbT_S7_T0_
FNDA:0,_ZNSt7__equalILb1EE5equalIiEEbPKT_S4_S4_
FNDA:0,_ZSt11__equal_auxIPKiS1_EbT_S2_T0_
FNDA:0,_ZSt11__equal_auxIPKSt6vectorIiSaIiEES4_EbT_S5_T0_
FNDA:0,_ZSt5equalIN9__gnu_cxx17__normal_iteratorIPKiSt6vectorIiSaIiEEEES7_EbT_S8_T0_
FNDA:0,_ZSt5equalIN9__gnu_cxx17__normal_iteratorIPKSt6vectorIiSaIiEES2_IS4_SaIS4_EEEES9_EbT_SA_T0_
FNF:14
FNH:0
DA:277,0
DA:278,0
DA:357,0
DA:366,0
DA:367,0
DA:368,0
DA:369,0
DA:375,0
DA:380,0
DA:386,0
DA:420,0
DA:422,0
DA:424,0
DA:446,0
DA:455,0
DA:456,0
DA:797,0
DA:799,0
DA:800,0
DA:801,0
DA:802,0
DA:811,0
DA:813,0
DA:814,0
DA:815,0
DA:821,0
DA:825,0
DA:831,0
DA:1041,0
DA:1051,0
DA:1053,0
LF:31
LH:0
end_of_record
SF:/usr/include/c++/7/bits/stl_construct.h
FN:74,_ZSt10_ConstructISt6vectorIiSaIiEEJRKS2_EEvPT_DpOT0_
FN:97,_ZSt8_DestroyISt6vectorIiSaIiEEEvPT_
FN:105,_ZNSt12_Destroy_auxILb0EE9__destroyIPSt6vectorIiSaIiEEEEvT_S6_
FN:117,_ZNSt12_Destroy_auxILb1EE9__destroyIPiEEvT_S3_
FN:127,_ZSt8_DestroyIPiEvT_S1_
FN:127,_ZSt8_DestroyIPSt6vectorIiSaIiEEEvT_S4_
FN:203,_ZSt8_DestroyIPiiEvT_S1_RSaIT0_E
FN:203,_ZSt8_DestroyIPSt6vectorIiSaIiEES2_EvT_S4_RSaIT0_E
FNDA:0,_ZSt10_ConstructISt6vectorIiSaIiEEJRKS2_EEvPT_DpOT0_
FNDA:0,_ZSt8_DestroyISt6vectorIiSaIiEEEvPT_
FNDA:0,_ZNSt12_Destroy_auxILb0EE9__destroyIPSt6vectorIiSaIiEEEEvT_S6_
FNDA:0,_ZNSt12_Destroy_auxILb1EE9__destroyIPiEEvT_S3_
FNDA:0,_ZSt8_DestroyIPiEvT_S1_
FNDA:0,_ZSt8_DestroyIPSt6vectorIiSaIiEEEvT_S4_
FNDA:0,_ZSt8_DestroyIPiiEvT_S1_RSaIT0_E
FNDA:0,_ZSt8_DestroyIPSt6vectorIiSaIiEES2_EvT_S4_RSaIT0_E
FNF:8
FNH:0
DA:74,0
DA:75,0
DA:97,0
DA:98,0
DA:105,0
DA:107,0
DA:108,0
DA:109,0
DA:117,0
DA:127,0
DA:137,0
DA:138,0
DA:203,0
DA:206,0
DA:207,0
LF:15
LH:0
end_of_record
SF:/usr/include/c++/7/bits/stl_iterator.h
FN:779,_ZN9__gnu_cxx17__normal_iteratorIPKSt6vectorIiSaIiEES1_IS3_SaIS3_EEEC2ERKS5_
FN:779,_ZN9__gnu_cxx17__normal_iteratorIPKiSt6vectorIiSaIiEEEC2ERKS2_
FN:792,_ZNK9__gnu_cxx17__normal_iteratorIPKiSt6vectorIiSaIiEEEdeEv
FN:792,_ZNK9__gnu_cxx17__normal_iteratorIPKSt6vectorIiSaIiEES1_IS3_SaIS3_EEEdeEv
FN:800,_ZN9__gnu_cxx17__normal_iteratorIPKSt6vectorIiSaIiEES1_IS3_SaIS3_EEEppEv
FN:800,_ZN9__gnu_cxx17__normal_iteratorIPKiSt6vectorIiSaIiEEEppEv
FN:844,_ZNK9__gnu_cxx17__normal_iteratorIPKSt6vectorIiSaIiEES1_IS3_SaIS3_EEE4baseEv
FN:844,_ZNK9__gnu_cxx17__normal_iteratorIPKiSt6vectorIiSaIiEEE4baseEv
FN:880,_ZN9__gnu_cxxneIPKSt6vectorIiSaIiEES1_IS3_SaIS3_EEEEbRKNS_17__normal_iteratorIT_T0_EESD_
FN:880,_ZN9__gnu_cxxneIPKiSt6vectorIiSaIiEEEEbRKNS_17__normal_iteratorIT_T0_EESB_
FN:983,_ZSt12__niter_baseIPKiSt6vectorIiSaIiEEET_N9__gnu_cxx17__normal_iteratorIS5_T0_EE
FN:983,_ZSt12__niter_baseIPKSt6vectorIiSaIiEES0_IS2_SaIS2_EEET_N9__gnu_cxx17__normal_iteratorIS7_T0_EE
FNDA:0,_ZN9__gnu_cxx17__normal_iteratorIPKiSt6vectorIiSaIiEEEC2ERKS2_
FNDA:0,_ZN9__gnu_cxx17__normal_iteratorIPKSt6vectorIiSaIiEES1_IS3_SaIS3_EEEC2ERKS5_
FNDA:0,_ZNK9__gnu_cxx17__normal_iteratorIPKiSt6vectorIiSaIiEEEdeEv
FNDA:0,_ZNK9__gnu_cxx17__normal_iteratorIPKSt6vectorIiSaIiEES1_IS3_SaIS3_EEEdeEv
FNDA:0,_ZN9__gnu_cxx17__normal_iteratorIPKiSt6vectorIiSaIiEEEppEv
FNDA:0,_ZN9__gnu_cxx17__normal_iteratorIPKSt6vectorIiSaIiEES1_IS3_SaIS3_EEEppEv
FNDA:0,_ZNK9__gnu_cxx17__normal_iteratorIPKiSt6vectorIiSaIiEEE4baseEv
FNDA:0,_ZNK9__gnu_cxx17__normal_iteratorIPKSt6vectorIiSaIiEES1_IS3_SaIS3_EEE4baseEv
[...]
FNDA:124,_ZSt12__niter_baseIPiSt6vectorIiSaIiEEET_N9__gnu_cxx17__normal_iteratorIS4_T0_EE
FNDA:676485,_ZSt12__niter_baseIPKiSt6vectorIiSaIiEEET_N9__gnu_cxx17__normal_iteratorIS5_T0_EE
FNDA:1056,_ZNSt13move_iteratorIPSt6vectorIiSaIiEEEC2ES3_
FNDA:3297792,_ZNSt13move_iteratorIPiEC2ES0_
FNDA:438164,_ZNKSt13move_iteratorIPSt6vectorIiSaIiEEE4baseEv
FNDA:3297792,_ZNKSt13move_iteratorIPiE4baseEv
FNDA:218554,_ZNKSt13move_iteratorIPSt6vectorIiSaIiEEEdeEv
FNDA:218554,_ZNSt13move_iteratorIPSt6vectorIiSaIiEEEppEv
FNDA:219082,_ZSteqIPSt6vectorIiSaIiEEEbRKSt13move_iteratorIT_ES8_
FNDA:219082,_ZStneIPSt6vectorIiSaIiEEEbRKSt13move_iteratorIT_ES8_
FNDA:1056,_ZSt32__make_move_if_noexcept_iteratorISt6vectorIiSaIiEESt13move_iteratorIPS2_EET0_PT_
FNDA:3297792,_ZSt32__make_move_if_noexcept_iteratorIiSt13move_iteratorIPiEET0_PT_
FNDA:3297792,_ZSt12__miter_baseIPiEDTcl12__miter_basecldtfp_4baseEEESt13move_iteratorIT_E
FNF:26
FNH:26
DA:779,2326965
DA:780,2326965
DA:792,166500
DA:793,166500
DA:800,166500
DA:802,166500
DA:803,166500
DA:844,4309141
DA:845,4309141
DA:880,166794
DA:883,166794
DA:962,824712
DA:965,824712
DA:983,676609
DA:984,676609
DA:1036,3298848
DA:1037,3298848
DA:1045,3735956
DA:1046,3735956
DA:1049,218554
DA:1050,218554
DA:1057,218554
DA:1059,218554
DA:1060,218554
DA:1124,219082
DA:1126,219082
DA:1136,219082
DA:1138,219082
DA:1221,3298848
DA:1222,3298848
DA:1241,3297792
DA:1243,3297792
LF:32
LH:32
end_of_record
SF:/usr/include/c++/7/bits/stl_iterator_base_funcs.h
FN:98,_ZSt10__distanceIPKiENSt15iterator_traitsIT_E15difference_typeES3_S3_St26random_access_iterator_tag
FN:138,_ZSt8distanceIPKiENSt15iterator_traitsIT_E15difference_typeES3_S3_
FNDA:1594,_ZSt10__distanceIPKiENSt15iterator_traitsIT_E15difference_typeES3_S3_St26random_access_iterator_tag
FNDA:1594,_ZSt8distanceIPKiENSt15iterator_traitsIT_E15difference_typeES3_S3_
FNF:2
FNH:2
DA:98,1594
DA:104,1594
DA:138,1594
DA:141,1594
DA:142,3188
LF:5
LH:5
end_of_record
SF:/usr/include/c++/7/bits/stl_iterator_base_types.h
FN:205,_ZSt19__iterator_categoryIPKiENSt15iterator_traitsIT_E17iterator_categoryERKS3_
FNDA:1594,_ZSt19__iterator_categoryIPKiENSt15iterator_traitsIT_E17iterator_categoryERKS3_
FNF:1
FNH:1
DA:205,1594
DA:206,1594
LF:2
LH:2
end_of_record
SF:/usr/include/c++/7/bits/stl_uninitialized.h
FN:76,_ZNSt20__uninitialized_copyILb0EE13__uninit_copyIN9__gnu_cxx17__normal_iteratorIPKSt6vectorIiSaIiEES4_IS6_SaIS6_EEEEPS6_EET0_T_SE_SD_
FN:76,_ZNSt20__uninitialized_copyILb0EE13__uninit_copyISt13move_iteratorIPSt6vectorIiSaIiEEES6_EET0_T_S9_S8_
FN:99,_ZNSt20__uninitialized_copyILb1EE13__uninit_copyIN9__gnu_cxx17__normal_iteratorIPKiSt6vectorIiSaIiEEEEPiEET0_T_SC_SB_
FN:99,_ZNSt20__uninitialized_copyILb1EE13__uninit_copyISt13move_iteratorIPiES3_EET0_T_S6_S5_
FN:99,_ZNSt20__uninitialized_copyILb1EE13__uninit_copyIPKiPiEET0_T_S6_S5_
FN:99,_ZNSt20__uninitialized_copyILb1EE13__uninit_copyIPiS2_EET0_T_S4_S3_
FN:115,_ZSt18uninitialized_copyISt13move_iteratorIPiES1_ET0_T_S4_S3_
FN:115,_ZSt18uninitialized_copyIN9__gnu_cxx17__normal_iteratorIPKiSt6vectorIiSaIiEEEEPiET0_T_SA_S9_
FN:115,_ZSt18uninitialized_copyISt13move_iteratorIPSt6vectorIiSaIiEEES4_ET0_T_S7_S6_
FN:115,_ZSt18uninitialized_copyIPKiPiET0_T_S4_S3_
FN:115,_ZSt18uninitialized_copyIPiS0_ET0_T_S2_S1_
FN:115,_ZSt18uninitialized_copyIN9__gnu_cxx17__normal_iteratorIPKSt6vectorIiSaIiEES2_IS4_SaIS4_EEEEPS4_ET0_T_SC_SB_
FN:287,_ZSt22__uninitialized_copy_aIPKiPiiET0_T_S4_S3_RSaIT1_E
FN:287,_ZSt22__uninitialized_copy_aISt13move_iteratorIPiES1_iET0_T_S4_S3_RSaIT1_E
FN:287,_ZSt22__uninitialized_copy_aIPiS0_iET0_T_S2_S1_RSaIT1_E
FN:287,_ZSt22__uninitialized_copy_aIN9__gnu_cxx17__normal_iteratorIPKSt6vectorIiSaIiEES2_IS4_SaIS4_EEEEPS4_S4_ET0_T_SC_SB_RSaIT1_E
FN:287,_ZSt22__uninitialized_copy_aIN9__gnu_cxx17__normal_iteratorIPKiSt6vectorIiSaIiEEEEPiiET0_T_SA_S9_RSaIT1_E
FN:287,_ZSt22__uninitialized_copy_aISt13move_iteratorIPSt6vectorIiSaIiEEES4_S3_ET0_T_S7_S6_RSaIT1_E
FN:305,_ZSt34__uninitialized_move_if_noexcept_aIPiS0_SaIiEET0_T_S3_S2_RT1_
FN:305,_ZSt34__uninitialized_move_if_noexcept_aIPSt6vectorIiSaIiEES3_SaIS2_EET0_T_S6_S5_RT1_
FNDA:528,_ZNSt20__uninitialized_copyILb0EE13__uninit_copyISt13move_iteratorIPSt6vectorIiSaIiEEES6_EET0_T_S9_S8_
FNDA:294,_ZNSt20__uninitialized_copyILb0EE13__uninit_copyIN9__gnu_cxx17__normal_iteratorIPKSt6vectorIiSaIiEES4_IS6_SaIS6_EEEEPS6_EET0_T_SE_SD_
FNDA:1648896,_ZNSt20__uninitialized_copyILb1EE13__uninit_copyISt13move_iteratorIPiES3_EET0_T_S6_S5_
FNDA:1594,_ZNSt20__uninitialized_copyILb1EE13__uninit_copyIPKiPiEET0_T_S6_S5_
FNDA:0,_ZNSt20__uninitialized_copyILb1EE13__uninit_copyIPiS2_EET0_T_S4_S3_
FNDA:337880,_ZNSt20__uninitialized_copyILb1EE13__uninit_copyIN9__gnu_cxx17__normal_iteratorIPKiSt6vectorIiSaIiEEEEPiEET0_T_SC_SB_
FNDA:528,_ZSt18uninitialized_copyISt13move_iteratorIPSt6vectorIiSaIiEEES4_ET0_T_S7_S6_
FNDA:1648896,_ZSt18uninitialized_copyISt13move_iteratorIPiES1_ET0_T_S4_S3_
FNDA:1594,_ZSt18uninitialized_copyIPKiPiET0_T_S4_S3_
FNDA:0,_ZSt18uninitialized_copyIPiS0_ET0_T_S2_S1_
FNDA:294,_ZSt18uninitialized_copyIN9__gnu_cxx17__normal_iteratorIPKSt6vectorIiSaIiEES2_IS4_SaIS4_EEEEPS4_ET0_T_SC_SB_
FNDA:337880,_ZSt18uninitialized_copyIN9__gnu_cxx17__normal_iteratorIPKiSt6vectorIiSaIiEEEEPiET0_T_SA_S9_
FNDA:528,_ZSt22__uninitialized_copy_aISt13move_iteratorIPSt6vectorIiSaIiEEES4_S3_ET0_T_S7_S6_RSaIT1_E
FNDA:1648896,_ZSt22__uninitialized_copy_aISt13move_iteratorIPiES1_iET0_T_S4_S3_RSaIT1_E
FNDA:1594,_ZSt22__uninitialized_copy_aIPKiPiiET0_T_S4_S3_RSaIT1_E
FNDA:0,_ZSt22__uninitialized_copy_aIPiS0_iET0_T_S2_S1_RSaIT1_E
FNDA:294,_ZSt22__uninitialized_copy_aIN9__gnu_cxx17__normal_iteratorIPKSt6vectorIiSaIiEES2_IS4_SaIS4_EEEEPS4_S4_ET0_T_SC_SB_RSaIT1_E
FNDA:337880,_ZSt22__uninitialized_copy_aIN9__gnu_cxx17__normal_iteratorIPKiSt6vectorIiSaIiEEEEPiiET0_T_SA_S9_RSaIT1_E
FNDA:528,_ZSt34__uninitialized_move_if_noexcept_aIPSt6vectorIiSaIiEES3_SaIS2_EET0_T_S6_S5_RT1_
FNDA:1648896,_ZSt34__uninitialized_move_if_noexcept_aIPiS0_SaIiEET0_T_S3_S2_RT1_
FNF:20
FNH:17
DA:76,822
DA:79,822
DA:82,770930
DA:83,385054
DA:84,822
DA:86,0
DA:88,0
DA:89,0
DA:99,1988370
DA:101,1988370
DA:115,1989192
DA:128,1989192
DA:134,1989192
DA:287,1989192
DA:289,1989192
DA:305,1649424
DA:311,1649424
DA:312,1649424
LF:18
LH:15
end_of_record
SF:/usr/include/c++/7/bits/stl_vector.h
FN:81,_ZNSt12_Vector_baseISt6vectorIiSaIiEESaIS2_EE12_Vector_implD2Ev
FN:81,_ZNSt12_Vector_baseIiSaIiEE12_Vector_implD2Ev
FN:88,_ZNSt12_Vector_baseISt6vectorIiSaIiEESaIS2_EE12_Vector_implC2Ev
FN:88,_ZNSt12_Vector_baseIiSaIiEE12_Vector_implC2Ev
FN:92,_ZNSt12_Vector_baseISt6vectorIiSaIiEESaIS2_EE12_Vector_implC2ERKS3_
FN:92,_ZNSt12_Vector_baseIiSaIiEE12_Vector_implC2ERKS0_
FN:97,_ZNSt12_Vector_baseIiSaIiEE12_Vector_implC2EOS0_
FN:103,_ZNSt12_Vector_baseIiSaIiEE12_Vector_impl12_M_swap_dataERS2_
FN:115,_ZNSt12_Vector_baseISt6vectorIiSaIiEESaIS2_EE19_M_get_Tp_allocatorEv
FN:115,_ZNSt12_Vector_baseIiSaIiEE19_M_get_Tp_allocatorEv
FN:119,_ZNKSt12_Vector_baseIiSaIiEE19_M_get_Tp_allocatorEv
FN:119,_ZNKSt12_Vector_baseISt6vectorIiSaIiEESaIS2_EE19_M_get_Tp_allocatorEv
FN:126,_ZNSt12_Vector_baseIiSaIiEEC2Ev
FN:126,_ZNSt12_Vector_baseISt6vectorIiSaIiEESaIS2_EEC2Ev
FN:129,_ZNSt12_Vector_baseIiSaIiEEC2ERKS0_
FN:136,_ZNSt12_Vector_baseISt6vectorIiSaIiEESaIS2_EEC2EmRKS3_
FN:136,_ZNSt12_Vector_baseIiSaIiEEC2EmRKS0_
FN:144,_ZNSt12_Vector_baseIiSaIiEEC2EOS1_
FN:161,_ZNSt12_Vector_baseIiSaIiEED2Ev
FN:161,_ZNSt12_Vector_baseISt6vectorIiSaIiEESaIS2_EED2Ev
FN:169,_ZNSt12_Vector_baseISt6vectorIiSaIiEESaIS2_EE11_M_allocateEm
FN:169,_ZNSt12_Vector_baseIiSaIiEE11_M_allocateEm
FN:176,_ZNSt12_Vector_baseISt6vectorIiSaIiEESaIS2_EE13_M_deallocateEPS2_m
FN:176,_ZNSt12_Vector_baseIiSaIiEE13_M_deallocateEPim
FN:185,_ZNSt12_Vector_baseIiSaIiEE17_M_create_storageEm
FN:185,_ZNSt12_Vector_baseISt6vectorIiSaIiEESaIS2_EE17_M_create_storageEm
FN:259,_ZNSt6vectorIiSaIiEEC2Ev
FN:259,_ZNSt6vectorIS_IiSaIiEESaIS1_EEC2Ev
FN:326,_ZNSt6vectorIiSaIiEEC2ERKS1_
FN:326,_ZNSt6vectorIS_IiSaIiEESaIS1_EEC2ERKS3_
FN:344,_ZNSt6vectorIiSaIiEEC2EOS1_
FN:383,_ZNSt6vectorIiSaIiEEC2ESt16initializer_listIiERKS0_
FN:433,_ZNSt6vectorIS_IiSaIiEESaIS1_EED2Ev
FN:433,_ZNSt6vectorIiSaIiEED2Ev
FN:563,_ZNSt6vectorIiSaIiEE5beginEv
FN:563,_ZNSt6vectorIS_IiSaIiEESaIS1_EE5beginEv
FN:572,_ZNKSt6vectorIiSaIiEE5beginEv
FN:572,_ZNKSt6vectorIS_IiSaIiEESaIS1_EE5beginEv
FN:581,_ZNSt6vectorIS_IiSaIiEESaIS1_EE3endEv
FN:581,_ZNSt6vectorIiSaIiEE3endEv
FN:590,_ZNKSt6vectorIiSaIiEE3endEv
FN:590,_ZNKSt6vectorIS_IiSaIiEESaIS1_EE3endEv
FN:670,_ZNKSt6vectorIS_IiSaIiEESaIS1_EE4sizeEv
FN:670,_ZNKSt6vectorIiSaIiEE4sizeEv
FN:675,_ZNKSt6vectorIiSaIiEE8max_sizeEv
FN:675,_ZNKSt6vectorIS_IiSaIiEESaIS1_EE8max_sizeEv
FN:750,_ZNKSt6vectorIiSaIiEE8capacityEv
FN:795,_ZNSt6vectorIS_IiSaIiEESaIS1_EEixEm
FN:795,_ZNSt6vectorIiSaIiEEixEm
FN:939,_ZNSt6vectorIiSaIiEE9push_backERKi
FN:953,_ZNSt6vectorIS_IiSaIiEESaIS1_EE9push_backEOS1_
FN:1229,_ZNSt6vectorIiSaIiEE4swapERS1_
FN:1247,_ZNSt6vectorIiSaIiEE5clearEv
FN:1257,_ZNSt6vectorIiSaIiEE20_M_allocate_and_copyIN9__gnu_cxx17__normal_iteratorIPKiS1_EEEEPimT_S9_
FN:1319,_ZNSt6vectorIiSaIiEE19_M_range_initializeIPKiEEvT_S5_St20forward_iterator_tag
FN:1497,_ZNKSt6vectorIS_IiSaIiEESaIS1_EE12_M_check_lenEmPKc
FN:1497,_ZNKSt6vectorIiSaIiEE12_M_check_lenEmPKc
FN:1511,_ZNSt6vectorIiSaIiEE15_M_erase_at_endEPi
FN:1596,_ZSteqIiSaIiEEbRKSt6vectorIT_T0_ES6_
FN:1644,_ZSt4swapIiSaIiEEvRSt6vectorIT_T0_ES5_
FNDA:574,_ZNSt12_Vector_baseISt6vectorIiSaIiEESaIS2_EE12_Vector_implD2Ev
FNDA:722991,_ZNSt12_Vector_baseIiSaIiEE12_Vector_implD2Ev
FNDA:64,_ZNSt12_Vector_baseISt6vectorIiSaIiEESaIS2_EE12_Vector_implC2Ev
FNDA:164973,_ZNSt12_Vector_baseIiSaIiEE12_Vector_implC2Ev
FNDA:510,_ZNSt12_Vector_baseISt6vectorIiSaIiEESaIS2_EE12_Vector_implC2ERKS3_
FNDA:339380,_ZNSt12_Vector_baseIiSaIiEE12_Vector_implC2ERKS0_
FNDA:218638,_ZNSt12_Vector_baseIiSaIiEE12_Vector_implC2EOS0_
FNDA:218693,_ZNSt12_Vector_baseIiSaIiEE12_Vector_impl12_M_swap_dataERS2_
FNDA:1900,_ZNSt12_Vector_baseISt6vectorIiSaIiEESaIS2_EE19_M_get_Tp_allocatorEv
FNDA:3754775,_ZNSt12_Vector_baseIiSaIiEE19_M_get_Tp_allocatorEv
FNDA:846,_ZNKSt12_Vector_baseISt6vectorIiSaIiEESaIS2_EE19_M_get_Tp_allocatorEv
FNDA:1986682,_ZNKSt12_Vector_baseIiSaIiEE19_M_get_Tp_allocatorEv
FNDA:64,_ZNSt12_Vector_baseISt6vectorIiSaIiEESaIS2_EEC2Ev
FNDA:164973,_ZNSt12_Vector_baseIiSaIiEEC2Ev
FNDA:1594,_ZNSt12_Vector_baseIiSaIiEEC2ERKS0_
FNDA:294,_ZNSt12_Vector_baseISt6vectorIiSaIiEESaIS2_EEC2EmRKS3_
FNDA:337786,_ZNSt12_Vector_baseIiSaIiEEC2EmRKS0_
FNDA:218638,_ZNSt12_Vector_baseIiSaIiEEC2EOS1_
FNDA:574,_ZNSt12_Vector_baseISt6vectorIiSaIiEESaIS2_EED2Ev
FNDA:722991,_ZNSt12_Vector_baseIiSaIiEED2Ev
FNDA:750,_ZNSt12_Vector_baseISt6vectorIiSaIiEESaIS2_EE11_M_allocateEm
FNDA:1163922,_ZNSt12_Vector_baseIiSaIiEE11_M_allocateEm
FNDA:838,_ZNSt12_Vector_baseISt6vectorIiSaIiEESaIS2_EE13_M_deallocateEPS2_m
FNDA:1547533,_ZNSt12_Vector_baseIiSaIiEE13_M_deallocateEPim
FNDA:294,_ZNSt12_Vector_baseISt6vectorIiSaIiEESaIS2_EE17_M_create_storageEm
FNDA:337786,_ZNSt12_Vector_baseIiSaIiEE17_M_create_storageEm
FNDA:64,_ZNSt6vectorIS_IiSaIiEESaIS1_EEC2Ev
FNDA:164973,_ZNSt6vectorIiSaIiEEC2Ev
FNDA:294,_ZNSt6vectorIS_IiSaIiEESaIS1_EEC2ERKS3_
FNDA:337786,_ZNSt6vectorIiSaIiEEC2ERKS1_
FNDA:218638,_ZNSt6vectorIiSaIiEEC2EOS1_
FNDA:1594,_ZNSt6vectorIiSaIiEEC2ESt16initializer_listIiERKS0_
FNDA:574,_ZNSt6vectorIS_IiSaIiEESaIS1_EED2Ev
FNDA:722991,_ZNSt6vectorIiSaIiEED2Ev
FNDA:264,_ZNSt6vectorIS_IiSaIiEESaIS1_EE5beginEv
FNDA:824572,_ZNSt6vectorIiSaIiEE5beginEv
FNDA:358,_ZNKSt6vectorIS_IiSaIiEESaIS1_EE5beginEv
FNDA:338322,_ZNKSt6vectorIiSaIiEE5beginEv
FNDA:264,_ZNSt6vectorIS_IiSaIiEESaIS1_EE3endEv
FNDA:824572,_ZNSt6vectorIiSaIiEE3endEv
FNDA:326,_ZNKSt6vectorIS_IiSaIiEESaIS1_EE3endEv
FNDA:338163,_ZNKSt6vectorIiSaIiEE3endEv
FNDA:3638298,_ZNKSt6vectorIiSaIiEE4sizeEv
FNDA:447205,_ZNKSt6vectorIS_IiSaIiEESaIS1_EE4sizeEv
FNDA:528,_ZNKSt6vectorIS_IiSaIiEESaIS1_EE8max_sizeEv
FNDA:1648896,_ZNKSt6vectorIiSaIiEE8max_sizeEv
FNDA:218,_ZNKSt6vectorIiSaIiEE8capacityEv
FNDA:8485821,_ZNSt6vectorIiSaIiEEixEm
FNDA:4546769,_ZNSt6vectorIS_IiSaIiEESaIS1_EEixEm
FNDA:198,_ZNSt6vectorIiSaIiEE9push_backERKi
FNDA:84,_ZNSt6vectorIS_IiSaIiEESaIS1_EE9push_backEOS1_
FNDA:55,_ZNSt6vectorIiSaIiEE4swapERS1_
FNDA:0,_ZNSt6vectorIiSaIiEE5clearEv
FNDA:94,_ZNSt6vectorIiSaIiEE20_M_allocate_and_copyIN9__gnu_cxx17__normal_iteratorIPKiS1_EEEEPimT_S9_
FNDA:1594,_ZNSt6vectorIiSaIiEE19_M_range_initializeIPKiEEvT_S5_St20forward_iterator_tag
FNDA:264,_ZNKSt6vectorIS_IiSaIiEESaIS1_EE12_M_check_lenEmPKc
FNDA:824448,_ZNKSt6vectorIiSaIiEE12_M_check_lenEmPKc
FNDA:0,_ZNSt6vectorIiSaIiEE15_M_erase_at_endEPi
FNDA:159,_ZSteqIiSaIiEEbRKSt6vectorIT_T0_ES6_
FNDA:55,_ZSt4swapIiSaIiEEvRSt6vectorIT_T0_ES5_
FNF:60
FNH:58
DA:81,723565
DA:88,165037
DA:89,165037
DA:90,165037
DA:92,339890
DA:93,339890
DA:94,339890
DA:97,218638
DA:98,218638
DA:99,218638
DA:100,218638
DA:103,218693
DA:105,218693
DA:106,218693
DA:107,218693
DA:108,218693
DA:115,3756675
DA:116,3756675
DA:119,1987528
DA:120,1987528
DA:126,165037
DA:127,165037
DA:129,1594
DA:130,1594
DA:136,338080
DA:137,338080
DA:138,338080
DA:144,218638
DA:145,218638
DA:146,218638
DA:161,723565
DA:162,1447130
DA:163,1447130
DA:169,1164672
DA:172,1164672
DA:176,1548371
DA:179,1548371
DA:180,1164670
DA:181,1548371
DA:185,338080
DA:187,338080
DA:188,338080
DA:189,338080
DA:190,338080
DA:259,165037
DA:263,165037
DA:326,338080
DA:328,338080
DA:330,338080
DA:331,338080
DA:333,338080
DA:334,338080
DA:344,218638
DA:345,218638
DA:383,1594
DA:385,1594
DA:387,1594
DA:389,1594
DA:433,723565
DA:434,723565
DA:435,1447130
DA:563,824836
DA:564,824836
DA:572,338680
DA:573,338680
DA:581,824836
DA:582,824836
DA:590,338489
DA:591,338489
DA:670,4085503
DA:671,4085503
DA:675,1649424
DA:676,1649424
DA:750,218
DA:751,218
DA:752,218
DA:795,13032590
DA:798,13032590
DA:939,198
DA:941,198
DA:943,70
DA:945,70
DA:948,128
DA:949,198
DA:953,84
DA:954,84
DA:1229,55
DA:1235,55
DA:1236,55
DA:1238,55
DA:1247,0
DA:1248,0
DA:1257,94
DA:1260,94
DA:1263,94
DA:1264,94
DA:1265,94
DA:1267,0
DA:1269,0
DA:1270,0
DA:1319,1594
DA:1322,1594
DA:1323,1594
DA:1324,1594
DA:1325,1594
DA:1326,1594
DA:1328,1594
DA:1329,1594
DA:1497,824712
DA:1499,824712
DA:1500,0
DA:1502,824712
DA:1503,824712
DA:1511,0
DA:1513,0
DA:1514,0
DA:1515,0
DA:1596,159
DA:1597,159
DA:1598,159
DA:1644,55
DA:1646,55
LF:122
LH:112
end_of_record
SF:/usr/include/c++/7/bits/vector.tcc
FN:95,_ZNSt6vectorIS_IiSaIiEESaIS1_EE12emplace_backIJS1_EEEvDpOT_
FN:179,_ZNSt6vectorIiSaIiEEaSERKS1_
FN:394,_ZNSt6vectorIS_IiSaIiEESaIS1_EE17_M_realloc_insertIJS1_EEEvN9__gnu_cxx17__normal_iteratorIPS1_S3_EEDpOT_
FN:394,_ZNSt6vectorIiSaIiEE17_M_realloc_insertIJRKiEEEvN9__gnu_cxx17__normal_iteratorIPiS1_EEDpOT_
FNDA:84,_ZNSt6vectorIS_IiSaIiEESaIS1_EE12emplace_backIJS1_EEEvDpOT_
FNDA:246,_ZNSt6vectorIiSaIiEEaSERKS1_
FNDA:38,_ZNSt6vectorIS_IiSaIiEESaIS1_EE17_M_realloc_insertIJS1_EEEvN9__gnu_cxx17__normal_iteratorIPS1_S3_EEDpOT_
FNDA:128,_ZNSt6vectorIiSaIiEE17_M_realloc_insertIJRKiEEEvN9__gnu_cxx17__normal_iteratorIPiS1_EEDpOT_
FNF:4
FNH:4
DA:95,84
DA:98,84
DA:100,46
DA:102,46
DA:105,38
DA:109,84
DA:179,246
DA:182,246
DA:185,218
DA:187,0
DA:188,0
DA:191,0
DA:192,0
DA:193,0
DA:194,0
DA:195,0
DA:196,0
DA:197,0
DA:199,0
DA:203,218
DA:204,218
DA:206,94
DA:208,94
DA:209,94
DA:210,188
DA:211,94
DA:212,94
DA:213,94
DA:214,94
DA:216,124
DA:218,124
DA:219,124
DA:223,0
DA:225,0
DA:226,0
DA:228,0
DA:230,218
DA:232,246
DA:394,166
DA:403,166
DA:405,166
DA:406,166
DA:407,166
DA:415,332
DA:416,166
DA:422,166
DA:424,166
DA:426,166
DA:427,166
DA:429,166
DA:431,166
DA:433,166
DA:434,166
DA:436,0
DA:438,0
DA:439,0
DA:440,0
DA:442,0
DA:443,0
DA:444,0
DA:446,166
DA:447,166
DA:448,332
DA:449,166
DA:450,166
DA:451,166
DA:452,166
DA:453,166
DA:454,166
LF:69
LH:48
end_of_record
SF:/usr/include/c++/7/ext/alloc_traits.h
FN:94,_ZN9__gnu_cxx14__alloc_traitsISaISt6vectorIiSaIiEEEE17_S_select_on_copyERKS4_
FN:94,_ZN9__gnu_cxx14__alloc_traitsISaIiEE17_S_select_on_copyERKS1_
FN:97,_ZN9__gnu_cxx14__alloc_traitsISaIiEE10_S_on_swapERS1_S3_
FN:100,_ZN9__gnu_cxx14__alloc_traitsISaIiEE27_S_propagate_on_copy_assignEv
FN:109,_ZN9__gnu_cxx14__alloc_traitsISaIiEE15_S_always_equalEv
FNDA:294,_ZN9__gnu_cxx14__alloc_traitsISaISt6vectorIiSaIiEEEE17_S_select_on_copyERKS4_
FNDA:337786,_ZN9__gnu_cxx14__alloc_traitsISaIiEE17_S_select_on_copyERKS1_
FNDA:55,_ZN9__gnu_cxx14__alloc_traitsISaIiEE10_S_on_swapERS1_S3_
FNDA:218,_ZN9__gnu_cxx14__alloc_traitsISaIiEE27_S_propagate_on_copy_assignEv
FNDA:0,_ZN9__gnu_cxx14__alloc_traitsISaIiEE15_S_always_equalEv
FNF:5
FNH:4
DA:94,338080
DA:95,338080
DA:97,55
DA:98,55
DA:100,218
DA:101,218
DA:109,0
DA:110,0
LF:8
LH:6
end_of_record
SF:/usr/include/c++/7/ext/new_allocator.h
FN:79,_ZN9__gnu_cxx13new_allocatorIiEC2Ev
FN:79,_ZN9__gnu_cxx13new_allocatorISt6vectorIiSaIiEEEC2Ev
FN:81,_ZN9__gnu_cxx13new_allocatorIiEC2ERKS1_
FN:81,_ZN9__gnu_cxx13new_allocatorISt6vectorIiSaIiEEEC2ERKS4_
FN:86,_ZN9__gnu_cxx13new_allocatorIiED2Ev
FN:86,_ZN9__gnu_cxx13new_allocatorISt6vectorIiSaIiEEED2Ev
FN:99,_ZN9__gnu_cxx13new_allocatorISt6vectorIiSaIiEEE8allocateEmPKv
FN:99,_ZN9__gnu_cxx13new_allocatorIiE8allocateEmPKv
FN:116,_ZN9__gnu_cxx13new_allocatorISt6vectorIiSaIiEEE10deallocateEPS3_m
FN:116,_ZN9__gnu_cxx13new_allocatorIiE10deallocateEPim
FN:129,_ZNK9__gnu_cxx13new_allocatorIiE8max_sizeEv
FN:129,_ZNK9__gnu_cxx13new_allocatorISt6vectorIiSaIiEEE8max_sizeEv
FN:135,_ZN9__gnu_cxx13new_allocatorIiE9constructIiJRKiEEEvPT_DpOT0_
FN:135,_ZN9__gnu_cxx13new_allocatorISt6vectorIiSaIiEEE9constructIS3_JS3_EEEvPT_DpOT0_
FN:140,_ZN9__gnu_cxx13new_allocatorISt6vectorIiSaIiEEE7destroyIS3_EEvPT_
FN:140,_ZN9__gnu_cxx13new_allocatorIiE7destroyIiEEvPT_
FNDA:256,_ZN9__gnu_cxx13new_allocatorISt6vectorIiSaIiEEEC2Ev
FNDA:166567,_ZN9__gnu_cxx13new_allocatorIiEC2Ev
FNDA:828,_ZN9__gnu_cxx13new_allocatorISt6vectorIiSaIiEEEC2ERKS4_
FNDA:895804,_ZN9__gnu_cxx13new_allocatorIiEC2ERKS1_
FNDA:1084,_ZN9__gnu_cxx13new_allocatorISt6vectorIiSaIiEEED2Ev
FNDA:1062371,_ZN9__gnu_cxx13new_allocatorIiED2Ev
FNDA:748,_ZN9__gnu_cxx13new_allocatorISt6vectorIiSaIiEEE8allocateEmPKv
FNDA:1163922,_ZN9__gnu_cxx13new_allocatorIiE8allocateEmPKv
FNDA:748,_ZN9__gnu_cxx13new_allocatorISt6vectorIiSaIiEEE10deallocateEPS3_m
FNDA:1163922,_ZN9__gnu_cxx13new_allocatorIiE10deallocateEPim
FNDA:1276,_ZNK9__gnu_cxx13new_allocatorISt6vectorIiSaIiEEE8max_sizeEv
FNDA:2812818,_ZNK9__gnu_cxx13new_allocatorIiE8max_sizeEv
FNDA:84,_ZN9__gnu_cxx13new_allocatorISt6vectorIiSaIiEEE9constructIS3_JS3_EEEvPT_DpOT0_
FNDA:198,_ZN9__gnu_cxx13new_allocatorIiE9constructIiJRKiEEEvPT_DpOT0_
FNDA:0,_ZN9__gnu_cxx13new_allocatorISt6vectorIiSaIiEEE7destroyIS3_EEvPT_
FNDA:0,_ZN9__gnu_cxx13new_allocatorIiE7destroyIiEEvPT_
FNF:16
FNH:14
DA:79,166823
DA:81,896632
DA:86,1063455
DA:99,1164670
DA:101,1164670
DA:102,0
DA:111,1164670
DA:116,1164670
DA:125,1164670
DA:126,1164670
DA:129,2814094
DA:130,2814094
DA:135,282
DA:136,282
DA:140,0
LF:15
LH:13
end_of_record
SF:/usr/include/c++/7/initializer_list
FN:71,_ZNKSt16initializer_listIiE4sizeEv
FN:75,_ZNKSt16initializer_listIiE5beginEv
FN:79,_ZNKSt16initializer_listIiE3endEv
FNDA:1594,_ZNKSt16initializer_listIiE4sizeEv
FNDA:3188,_ZNKSt16initializer_listIiE5beginEv
FNDA:1594,_ZNKSt16initializer_listIiE3endEv
FNF:3
FNH:3
DA:71,1594
DA:75,3188
DA:79,1594
LF:3
LH:3
end_of_record
SF:/usr/include/c++/7/iostream
DA:74,3
LF:1
LH:1
end_of_record
SF:/usr/include/c++/7/new
FN:168,_ZnwmPv
FN:174,_ZdlPvS_
FNDA:2324492,_ZnwmPv
FNDA:0,_ZdlPvS_
FNF:2
FNH:1
DA:168,2324492
DA:169,2324492
DA:174,0
LF:3
LH:2
end_of_record
TN:
SF:/home/mdemaria/tpi/lib/googletest-master/googletest/include/gtest/gtest.h
FN:2326,_Z13RUN_ALL_TESTSv
FNDA:17,_Z13RUN_ALL_TESTSv
FNF:1
FNH:1
DA:2326,17
DA:2327,17
LF:2
LH:2
end_of_record
SF:/home/mdemaria/tpi/main.cpp
FN:11,main
FN:15,_GLOBAL__sub_I_main
FN:15,_Z41__static_initialization_and_destruction_0ii
FNDA:17,main
FNDA:17,_GLOBAL__sub_I_main
FNDA:17,_Z41__static_initialization_and_destruction_0ii
FNF:3
FNH:3
DA:11,17
DA:12,17
DA:13,17
DA:14,17
DA:15,51
LF:5
LH:5
end_of_record
SF:/usr/include/c++/7/iostream
DA:74,17
LF:1
LH:1
end_of_record
